This is pdfTeX, Version 3.14159265-2.6-1.40.21 (TeX Live 2020/Debian) (preloaded format=pdflatex 2022.2.26)  7 AUG 2022 21:05
entering extended mode
 restricted \write18 enabled.
 %&-line parsing enabled.
**report.tex
(./report.tex
LaTeX2e <2020-10-01> patch level 4
L3 programming layer <2021-01-09> xparse <2020-03-03>
(/usr/share/texlive/texmf-dist/tex/latex/base/article.cls
Document Class: article 2020/04/10 v1.4m Standard LaTeX document class
(/usr/share/texlive/texmf-dist/tex/latex/base/size11.clo
File: size11.clo 2020/04/10 v1.4m Standard LaTeX file (size option)
)
\c@part=\count177
\c@section=\count178
\c@subsection=\count179
\c@subsubsection=\count180
\c@paragraph=\count181
\c@subparagraph=\count182
\c@figure=\count183
\c@table=\count184
\abovecaptionskip=\skip47
\belowcaptionskip=\skip48
\bibindent=\dimen138
)
(/usr/share/texlive/texmf-dist/tex/latex/preprint/fullpage.sty
Package: fullpage 1999/02/23 1.1 (PWD)
\FP@margin=\skip49
)
(/usr/share/texlive/texmf-dist/tex/latex/amsmath/amsmath.sty
Package: amsmath 2020/09/23 v2.17i AMS math features
\@mathmargin=\skip50

For additional information on amsmath, use the `?' option.
(/usr/share/texlive/texmf-dist/tex/latex/amsmath/amstext.sty
Package: amstext 2000/06/29 v2.01 AMS text

(/usr/share/texlive/texmf-dist/tex/latex/amsmath/amsgen.sty
File: amsgen.sty 1999/11/30 v2.0 generic functions
\@emptytoks=\toks15
\ex@=\dimen139
))
(/usr/share/texlive/texmf-dist/tex/latex/amsmath/amsbsy.sty
Package: amsbsy 1999/11/29 v1.2d Bold Symbols
\pmbraise@=\dimen140
)
(/usr/share/texlive/texmf-dist/tex/latex/amsmath/amsopn.sty
Package: amsopn 2016/03/08 v2.02 operator names
)
\inf@bad=\count185
LaTeX Info: Redefining \frac on input line 234.
\uproot@=\count186
\leftroot@=\count187
LaTeX Info: Redefining \overline on input line 399.
\classnum@=\count188
\DOTSCASE@=\count189
LaTeX Info: Redefining \ldots on input line 496.
LaTeX Info: Redefining \dots on input line 499.
LaTeX Info: Redefining \cdots on input line 620.
\Mathstrutbox@=\box47
\strutbox@=\box48
\big@size=\dimen141
LaTeX Font Info:    Redeclaring font encoding OML on input line 743.
LaTeX Font Info:    Redeclaring font encoding OMS on input line 744.
\macc@depth=\count190
\c@MaxMatrixCols=\count191
\dotsspace@=\muskip16
\c@parentequation=\count192
\dspbrk@lvl=\count193
\tag@help=\toks16
\row@=\count194
\column@=\count195
\maxfields@=\count196
\andhelp@=\toks17
\eqnshift@=\dimen142
\alignsep@=\dimen143
\tagshift@=\dimen144
\tagwidth@=\dimen145
\totwidth@=\dimen146
\lineht@=\dimen147
\@envbody=\toks18
\multlinegap=\skip51
\multlinetaggap=\skip52
\mathdisplay@stack=\toks19
LaTeX Info: Redefining \[ on input line 2923.
LaTeX Info: Redefining \] on input line 2924.
)
(/usr/share/texlive/texmf-dist/tex/latex/amsfonts/amssymb.sty
Package: amssymb 2013/01/14 v3.01 AMS font symbols

(/usr/share/texlive/texmf-dist/tex/latex/amsfonts/amsfonts.sty
Package: amsfonts 2013/01/14 v3.01 Basic AMSFonts support
\symAMSa=\mathgroup4
\symAMSb=\mathgroup5
LaTeX Font Info:    Redeclaring math symbol \hbar on input line 98.
LaTeX Font Info:    Overwriting math alphabet `\mathfrak' in version `bold'
(Font)                  U/euf/m/n --> U/euf/b/n on input line 106.
))
(/usr/share/texlive/texmf-dist/tex/latex/mathtools/mathtools.sty
Package: mathtools 2020/03/24 v1.24 mathematical typesetting tools

(/usr/share/texlive/texmf-dist/tex/latex/graphics/keyval.sty
Package: keyval 2014/10/28 v1.15 key=value parser (DPC)
\KV@toks@=\toks20
)
(/usr/share/texlive/texmf-dist/tex/latex/tools/calc.sty
Package: calc 2017/05/25 v4.3 Infix arithmetic (KKT,FJ)
\calc@Acount=\count197
\calc@Bcount=\count198
\calc@Adimen=\dimen148
\calc@Bdimen=\dimen149
\calc@Askip=\skip53
\calc@Bskip=\skip54
LaTeX Info: Redefining \setlength on input line 80.
LaTeX Info: Redefining \addtolength on input line 81.
\calc@Ccount=\count199
\calc@Cskip=\skip55
)
(/usr/share/texlive/texmf-dist/tex/latex/mathtools/mhsetup.sty
Package: mhsetup 2017/03/31 v1.3 programming setup (MH)
)
LaTeX Info: Thecontrolsequence`\('isalreadyrobust on input line 130.
LaTeX Info: Thecontrolsequence`\)'isalreadyrobust on input line 130.
LaTeX Info: Thecontrolsequence`\['isalreadyrobust on input line 130.
LaTeX Info: Thecontrolsequence`\]'isalreadyrobust on input line 130.
\g_MT_multlinerow_int=\count266
\l_MT_multwidth_dim=\dimen150
\origjot=\skip56
\l_MT_shortvdotswithinadjustabove_dim=\dimen151
\l_MT_shortvdotswithinadjustbelow_dim=\dimen152
\l_MT_above_intertext_sep=\dimen153
\l_MT_below_intertext_sep=\dimen154
\l_MT_above_shortintertext_sep=\dimen155
\l_MT_below_shortintertext_sep=\dimen156
\xmathstrut@box=\box49
\xmathstrut@dim=\dimen157
)
(/usr/share/texlive/texmf-dist/tex/latex/titlesec/titlesec.sty
Package: titlesec 2019/10/16 v2.13 Sectioning titles
\ttl@box=\box50
\beforetitleunit=\skip57
\aftertitleunit=\skip58
\ttl@plus=\dimen158
\ttl@minus=\dimen159
\ttl@toksa=\toks21
\titlewidth=\dimen160
\titlewidthlast=\dimen161
\titlewidthfirst=\dimen162
)
(/usr/share/texlive/texmf-dist/tex/latex/graphics/graphicx.sty
Package: graphicx 2020/09/09 v1.2b Enhanced LaTeX Graphics (DPC,SPQR)

(/usr/share/texlive/texmf-dist/tex/latex/graphics/graphics.sty
Package: graphics 2020/08/30 v1.4c Standard LaTeX Graphics (DPC,SPQR)

(/usr/share/texlive/texmf-dist/tex/latex/graphics/trig.sty
Package: trig 2016/01/03 v1.10 sin cos tan (DPC)
)
(/usr/share/texlive/texmf-dist/tex/latex/graphics-cfg/graphics.cfg
File: graphics.cfg 2016/06/04 v1.11 sample graphics configuration
)
Package graphics Info: Driver file: pdftex.def on input line 105.

(/usr/share/texlive/texmf-dist/tex/latex/graphics-def/pdftex.def
File: pdftex.def 2020/10/05 v1.2a Graphics/color driver for pdftex
))
\Gin@req@height=\dimen163
\Gin@req@width=\dimen164
)
(/usr/share/texlive/texmf-dist/tex/latex/float/float.sty
Package: float 2001/11/08 v1.3d Float enhancements (AL)
\c@float@type=\count267
\float@exts=\toks22
\float@box=\box51
\@float@everytoks=\toks23
\@floatcapt=\box52
)
(/usr/share/texlive/texmf-dist/tex/latex/wrapfig/wrapfig.sty
\wrapoverhang=\dimen165
\WF@size=\dimen166
\c@WF@wrappedlines=\count268
\WF@box=\box53
\WF@everypar=\toks24
Package: wrapfig 2003/01/31  v 3.6
)
(/usr/share/texlive/texmf-dist/tex/latex/tools/multicol.sty
Package: multicol 2019/12/09 v1.8y multicolumn formatting (FMi)
\c@tracingmulticols=\count269
\mult@box=\box54
\multicol@leftmargin=\dimen167
\c@unbalance=\count270
\c@collectmore=\count271
\doublecol@number=\count272
\multicoltolerance=\count273
\multicolpretolerance=\count274
\full@width=\dimen168
\page@free=\dimen169
\premulticols=\dimen170
\postmulticols=\dimen171
\multicolsep=\skip59
\multicolbaselineskip=\skip60
\partial@page=\box55
\last@line=\box56
\maxbalancingoverflow=\dimen172
\mult@rightbox=\box57
\mult@grightbox=\box58
\mult@gfirstbox=\box59
\mult@firstbox=\box60
\@tempa=\box61
\@tempa=\box62
\@tempa=\box63
\@tempa=\box64
\@tempa=\box65
\@tempa=\box66
\@tempa=\box67
\@tempa=\box68
\@tempa=\box69
\@tempa=\box70
\@tempa=\box71
\@tempa=\box72
\@tempa=\box73
\@tempa=\box74
\@tempa=\box75
\@tempa=\box76
\@tempa=\box77
\@tempa=\box78
\@tempa=\box79
\@tempa=\box80
\@tempa=\box81
\@tempa=\box82
\@tempa=\box83
\@tempa=\box84
\@tempa=\box85
\@tempa=\box86
\@tempa=\box87
\@tempa=\box88
\@tempa=\box89
\@tempa=\box90
\@tempa=\box91
\@tempa=\box92
\@tempa=\box93
\@tempa=\box94
\@tempa=\box95
\@tempa=\box96
\@tempa=\box97
\c@minrows=\count275
\c@columnbadness=\count276
\c@finalcolumnbadness=\count277
\last@try=\dimen173
\multicolovershoot=\dimen174
\multicolundershoot=\dimen175
\mult@nat@firstbox=\box98
\colbreak@box=\box99
\mc@col@check@num=\count278
)
(/usr/share/texlive/texmf-dist/tex/latex/caption/caption.sty
Package: caption 2020/10/26 v3.5g Customizing captions (AR)

(/usr/share/texlive/texmf-dist/tex/latex/caption/caption3.sty
Package: caption3 2020/10/21 v2.2e caption3 kernel (AR)
\captionmargin=\dimen176
\captionmargin@=\dimen177
\captionwidth=\dimen178
\caption@tempdima=\dimen179
\caption@indent=\dimen180
\caption@parindent=\dimen181
\caption@hangindent=\dimen182
Package caption Info: Standard document class detected.
)
\c@caption@flags=\count279
\c@continuedfloat=\count280
Package caption Info: float package is loaded.
Package caption Info: wrapfig package is loaded.
)
(/usr/share/texlive/texmf-dist/tex/latex/hyperref/hyperref.sty
Package: hyperref 2020-05-15 v7.00e Hypertext links for LaTeX

(/usr/share/texlive/texmf-dist/tex/generic/ltxcmds/ltxcmds.sty
Package: ltxcmds 2020-05-10 v1.25 LaTeX kernel commands for general use (HO)
)
(/usr/share/texlive/texmf-dist/tex/generic/iftex/iftex.sty
Package: iftex 2020/03/06 v1.0d TeX engine tests
)
(/usr/share/texlive/texmf-dist/tex/generic/pdftexcmds/pdftexcmds.sty
Package: pdftexcmds 2020-06-27 v0.33 Utility functions of pdfTeX for LuaTeX (HO
)

(/usr/share/texlive/texmf-dist/tex/generic/infwarerr/infwarerr.sty
Package: infwarerr 2019/12/03 v1.5 Providing info/warning/error messages (HO)
)
Package pdftexcmds Info: \pdf@primitive is available.
Package pdftexcmds Info: \pdf@ifprimitive is available.
Package pdftexcmds Info: \pdfdraftmode found.
)
(/usr/share/texlive/texmf-dist/tex/generic/kvsetkeys/kvsetkeys.sty
Package: kvsetkeys 2019/12/15 v1.18 Key value parser (HO)
)
(/usr/share/texlive/texmf-dist/tex/generic/kvdefinekeys/kvdefinekeys.sty
Package: kvdefinekeys 2019-12-19 v1.6 Define keys (HO)
)
(/usr/share/texlive/texmf-dist/tex/generic/pdfescape/pdfescape.sty
Package: pdfescape 2019/12/09 v1.15 Implements pdfTeX's escape features (HO)
)
(/usr/share/texlive/texmf-dist/tex/latex/hycolor/hycolor.sty
Package: hycolor 2020-01-27 v1.10 Color options for hyperref/bookmark (HO)
)
(/usr/share/texlive/texmf-dist/tex/latex/letltxmacro/letltxmacro.sty
Package: letltxmacro 2019/12/03 v1.6 Let assignment for LaTeX macros (HO)
)
(/usr/share/texlive/texmf-dist/tex/latex/auxhook/auxhook.sty
Package: auxhook 2019-12-17 v1.6 Hooks for auxiliary files (HO)
)
(/usr/share/texlive/texmf-dist/tex/latex/kvoptions/kvoptions.sty
Package: kvoptions 2020-10-07 v3.14 Key value format for package options (HO)
)
\@linkdim=\dimen183
\Hy@linkcounter=\count281
\Hy@pagecounter=\count282

(/usr/share/texlive/texmf-dist/tex/latex/hyperref/pd1enc.def
File: pd1enc.def 2020-05-15 v7.00e Hyperref: PDFDocEncoding definition (HO)
Now handling font encoding PD1 ...
... no UTF-8 mapping file for font encoding PD1
)
(/usr/share/texlive/texmf-dist/tex/generic/intcalc/intcalc.sty
Package: intcalc 2019/12/15 v1.3 Expandable calculations with integers (HO)
)
(/usr/share/texlive/texmf-dist/tex/generic/etexcmds/etexcmds.sty
Package: etexcmds 2019/12/15 v1.7 Avoid name clashes with e-TeX commands (HO)
)
\Hy@SavedSpaceFactor=\count283
Package hyperref Info: Hyper figures OFF on input line 4464.
Package hyperref Info: Link nesting OFF on input line 4469.
Package hyperref Info: Hyper index ON on input line 4472.
Package hyperref Info: Plain pages OFF on input line 4479.
Package hyperref Info: Backreferencing OFF on input line 4484.
Package hyperref Info: Implicit mode ON; LaTeX internals redefined.
Package hyperref Info: Bookmarks ON on input line 4717.
\c@Hy@tempcnt=\count284

(/usr/share/texlive/texmf-dist/tex/latex/url/url.sty
\Urlmuskip=\muskip17
Package: url 2013/09/16  ver 3.4  Verb mode for urls, etc.
)
LaTeX Info: Redefining \url on input line 5076.
\XeTeXLinkMargin=\dimen184

(/usr/share/texlive/texmf-dist/tex/generic/bitset/bitset.sty
Package: bitset 2019/12/09 v1.3 Handle bit-vector datatype (HO)

(/usr/share/texlive/texmf-dist/tex/generic/bigintcalc/bigintcalc.sty
Package: bigintcalc 2019/12/15 v1.5 Expandable calculations on big integers (HO
)
))
\Fld@menulength=\count285
\Field@Width=\dimen185
\Fld@charsize=\dimen186
Package hyperref Info: Hyper figures OFF on input line 6347.
Package hyperref Info: Link nesting OFF on input line 6352.
Package hyperref Info: Hyper index ON on input line 6355.
Package hyperref Info: backreferencing OFF on input line 6362.
Package hyperref Info: Link coloring OFF on input line 6367.
Package hyperref Info: Link coloring with OCG OFF on input line 6372.
Package hyperref Info: PDF/A mode OFF on input line 6377.
LaTeX Info: Redefining \ref on input line 6417.
LaTeX Info: Redefining \pageref on input line 6421.

(/usr/share/texlive/texmf-dist/tex/latex/base/atbegshi-ltx.sty
Package: atbegshi-ltx 2020/08/17 v1.0a Emulation of the original atbegshi packa
ge
with kernel methods
)
\Hy@abspage=\count286
\c@Item=\count287
\c@Hfootnote=\count288
)
Package hyperref Info: Driver (autodetected): hpdftex.

(/usr/share/texlive/texmf-dist/tex/latex/hyperref/hpdftex.def
File: hpdftex.def 2020-05-15 v7.00e Hyperref driver for pdfTeX

(/usr/share/texlive/texmf-dist/tex/latex/base/atveryend-ltx.sty
Package: atveryend-ltx 2020/08/19 v1.0a Emulation of the original atvery packag
e
with kernel methods
)
\Fld@listcount=\count289
\c@bookmark@seq@number=\count290

(/usr/share/texlive/texmf-dist/tex/latex/rerunfilecheck/rerunfilecheck.sty
Package: rerunfilecheck 2019/12/05 v1.9 Rerun checks for auxiliary files (HO)

(/usr/share/texlive/texmf-dist/tex/generic/uniquecounter/uniquecounter.sty
Package: uniquecounter 2019/12/15 v1.4 Provide unlimited unique counter (HO)
)
Package uniquecounter Info: New unique counter `rerunfilecheck' on input line 2
86.
)
\Hy@SectionHShift=\skip61
)
(/usr/share/texlive/texmf-dist/tex/latex/apacite/apacite.sty
Package: apacite 2013/07/21 v6.03 APA citation
\c@BibCnt=\count291
\bibleftmargin=\skip62
\bibindent=\skip63
\bibparsep=\skip64
\bibitemsep=\skip65
\biblabelsep=\skip66
)
(/usr/share/texlive/texmf-dist/tex/latex/tools/tabularx.sty
Package: tabularx 2020/01/15 v2.11c `tabularx' package (DPC)

(/usr/share/texlive/texmf-dist/tex/latex/tools/array.sty
Package: array 2020/10/01 v2.5c Tabular extension package (FMi)
\col@sep=\dimen187
\ar@mcellbox=\box100
\extrarowheight=\dimen188
\NC@list=\toks25
\extratabsurround=\skip67
\backup@length=\skip68
\ar@cellbox=\box101
)
\TX@col@width=\dimen189
\TX@old@table=\dimen190
\TX@old@col=\dimen191
\TX@target=\dimen192
\TX@delta=\dimen193
\TX@cols=\count292
\TX@ftn=\toks26
)
(/usr/share/texlive/texmf-dist/tex/latex/multirow/multirow.sty
Package: multirow 2021/01/29 v2.7 Span multiple rows of a table
\multirow@colwidth=\skip69
\multirow@cntb=\count293
\multirow@dima=\skip70
\bigstrutjot=\dimen194
)
(/usr/share/texlive/texmf-dist/tex/latex/caption/subcaption.sty
Package: subcaption 2020/10/07 v1.3j Sub-captions (AR)
\c@subfigure=\count294
\c@subtable=\count295
)
(/usr/share/texlive/texmf-dist/tex/latex/algorithmicx/algpseudocode.sty
Package: algpseudocode 

(/usr/share/texlive/texmf-dist/tex/latex/base/ifthen.sty
Package: ifthen 2014/09/29 v1.1c Standard LaTeX ifthen package (DPC)
)
(/usr/share/texlive/texmf-dist/tex/latex/algorithmicx/algorithmicx.sty
Package: algorithmicx 2005/04/27 v1.2 Algorithmicx

Document Style algorithmicx 1.2 - a greatly improved `algorithmic' style
\c@ALG@line=\count296
\c@ALG@rem=\count297
\c@ALG@nested=\count298
\ALG@tlm=\skip71
\ALG@thistlm=\skip72
\c@ALG@Lnr=\count299
\c@ALG@blocknr=\count300
\c@ALG@storecount=\count301
\c@ALG@tmpcounter=\count302
\ALG@tmplength=\skip73
)
Document Style - pseudocode environments for use with the `algorithmicx' style
) (/usr/share/texlive/texmf-dist/tex/latex/algorithms/algorithm.sty
Package: algorithm 2009/08/24 v0.1 Document Style `algorithm' - floating enviro
nment
\@float@every@algorithm=\toks27
\c@algorithm=\count303
)
(/usr/share/texlive/texmf-dist/tex/latex/xcolor/xcolor.sty
Package: xcolor 2016/05/11 v2.12 LaTeX color extensions (UK)

(/usr/share/texlive/texmf-dist/tex/latex/graphics-cfg/color.cfg
File: color.cfg 2016/01/02 v1.6 sample color configuration
)
Package xcolor Info: Driver file: pdftex.def on input line 225.
Package xcolor Info: Model `cmy' substituted by `cmy0' on input line 1348.
Package xcolor Info: Model `hsb' substituted by `rgb' on input line 1352.
Package xcolor Info: Model `RGB' extended on input line 1364.
Package xcolor Info: Model `HTML' substituted by `rgb' on input line 1366.
Package xcolor Info: Model `Hsb' substituted by `hsb' on input line 1367.
Package xcolor Info: Model `tHsb' substituted by `hsb' on input line 1368.
Package xcolor Info: Model `HSB' substituted by `hsb' on input line 1369.
Package xcolor Info: Model `Gray' substituted by `gray' on input line 1370.
Package xcolor Info: Model `wave' substituted by `hsb' on input line 1371.
)
(/usr/share/texlive/texmf-dist/tex/latex/stackengine/stackengine.sty
Package: stackengine 2017/02/13 v4.01\ Stacking text and objects in convenient 
ways

(/usr/share/texlive/texmf-dist/tex/latex/etoolbox/etoolbox.sty
Package: etoolbox 2020/10/05 v2.5k e-TeX tools for LaTeX (JAW)
\etb@tempcnta=\count304
)
(/usr/share/texlive/texmf-dist/tex/generic/listofitems/listofitems.sty
(/usr/share/texlive/texmf-dist/tex/generic/listofitems/listofitems.tex
\loi_cnt_foreach_nest=\count305
\loi_nestcnt=\count306
)
Package: listofitems 2019/08/21 v1.63 Grab items in lists using user-specified 
sep char (CT)
)
\c@@stackindex=\count307
\@boxshift=\skip74
\stack@tmplength=\skip75
\temp@stkl=\skip76
\@stackedboxwidth=\skip77
\@addedbox=\box102
\@anchorbox=\box103
\stackedbox=\box104
\@centerbox=\box105
\c@ROWcellindex@=\count308
)
\mybox=\box106

(/usr/share/texlive/texmf-dist/tex/latex/l3backend/l3backend-pdftex.def
File: l3backend-pdftex.def 2020-01-29 L3 backend support: PDF output (pdfTeX)
\l__color_backend_stack_int=\count309
\l__pdf_internal_box=\box107
)
(./report.aux

LaTeX Warning: Label `fig:pi_4000' multiply defined.


LaTeX Warning: Label `sub@fig:pi_4000' multiply defined.


LaTeX Warning: Label `fig:pi_5000' multiply defined.


LaTeX Warning: Label `sub@fig:pi_5000' multiply defined.


LaTeX Warning: Label `fig:pi_18000' multiply defined.


LaTeX Warning: Label `sub@fig:pi_18000' multiply defined.


LaTeX Warning: Label `fig:dice' multiply defined.


LaTeX Warning: Label `fig:pi_4000' multiply defined.


LaTeX Warning: Label `sub@fig:pi_4000' multiply defined.


LaTeX Warning: Label `fig:pi_5000' multiply defined.


LaTeX Warning: Label `sub@fig:pi_5000' multiply defined.


LaTeX Warning: Label `fig:pi_18000' multiply defined.


LaTeX Warning: Label `sub@fig:pi_18000' multiply defined.


LaTeX Warning: Label `fig:pi_18000' multiply defined.


LaTeX Warning: Label `sub@fig:pi_18000' multiply defined.


LaTeX Warning: Label `fig:three graphs' multiply defined.


LaTeX Warning: Label `fig:dice' multiply defined.


LaTeX Warning: Label `alg:alg1' multiply defined.


LaTeX Warning: Label `fig:dice' multiply defined.


LaTeX Warning: Label `fig:dice' multiply defined.


LaTeX Warning: Label `fig:pi_4000' multiply defined.


LaTeX Warning: Label `sub@fig:pi_4000' multiply defined.


LaTeX Warning: Label `fig:pi_5000' multiply defined.


LaTeX Warning: Label `sub@fig:pi_5000' multiply defined.


LaTeX Warning: Label `fig:pi_18000' multiply defined.


LaTeX Warning: Label `sub@fig:pi_18000' multiply defined.


LaTeX Warning: Label `fig:pi_18000' multiply defined.


LaTeX Warning: Label `sub@fig:pi_18000' multiply defined.


LaTeX Warning: Label `fig:three graphs' multiply defined.


LaTeX Warning: Label `fig:dice' multiply defined.


LaTeX Warning: Label `fig:dice' multiply defined.


LaTeX Warning: Label `fig:dice' multiply defined.


LaTeX Warning: Label `fig:pi_4000' multiply defined.


LaTeX Warning: Label `sub@fig:pi_4000' multiply defined.


LaTeX Warning: Label `fig:pi_5000' multiply defined.


LaTeX Warning: Label `sub@fig:pi_5000' multiply defined.


LaTeX Warning: Label `fig:pi_5000' multiply defined.


LaTeX Warning: Label `sub@fig:pi_5000' multiply defined.


LaTeX Warning: Label `fig:pi_5000' multiply defined.


LaTeX Warning: Label `sub@fig:pi_5000' multiply defined.


LaTeX Warning: Label `fig:three graphs' multiply defined.

)
\openout1 = `report.aux'.

LaTeX Font Info:    Checking defaults for OML/cmm/m/it on input line 44.
LaTeX Font Info:    ... okay on input line 44.
LaTeX Font Info:    Checking defaults for OMS/cmsy/m/n on input line 44.
LaTeX Font Info:    ... okay on input line 44.
LaTeX Font Info:    Checking defaults for OT1/cmr/m/n on input line 44.
LaTeX Font Info:    ... okay on input line 44.
LaTeX Font Info:    Checking defaults for T1/cmr/m/n on input line 44.
LaTeX Font Info:    ... okay on input line 44.
LaTeX Font Info:    Checking defaults for TS1/cmr/m/n on input line 44.
LaTeX Font Info:    ... okay on input line 44.
LaTeX Font Info:    Checking defaults for OMX/cmex/m/n on input line 44.
LaTeX Font Info:    ... okay on input line 44.
LaTeX Font Info:    Checking defaults for U/cmr/m/n on input line 44.
LaTeX Font Info:    ... okay on input line 44.
LaTeX Font Info:    Checking defaults for PD1/pdf/m/n on input line 44.
LaTeX Font Info:    ... okay on input line 44.
 (/usr/share/texlive/texmf-dist/tex/context/base/mkii/supp-pdf.mkii
[Loading MPS to PDF converter (version 2006.09.02).]
\scratchcounter=\count310
\scratchdimen=\dimen195
\scratchbox=\box108
\nofMPsegments=\count311
\nofMParguments=\count312
\everyMPshowfont=\toks28
\MPscratchCnt=\count313
\MPscratchDim=\dimen196
\MPnumerator=\count314
\makeMPintoPDFobject=\count315
\everyMPtoPDFconversion=\toks29
) (/usr/share/texlive/texmf-dist/tex/latex/epstopdf-pkg/epstopdf-base.sty
Package: epstopdf-base 2020-01-24 v2.11 Base part for package epstopdf
Package epstopdf-base Info: Redefining graphics rule for `.eps' on input line 4
85.

(/usr/share/texlive/texmf-dist/tex/latex/latexconfig/epstopdf-sys.cfg
File: epstopdf-sys.cfg 2010/07/13 v1.3 Configuration of (r)epstopdf for TeX Liv
e
))
Package caption Info: Begin \AtBeginDocument code.
Package caption Info: hyperref package is loaded.
Package caption Info: End \AtBeginDocument code.
Package hyperref Info: Link coloring OFF on input line 44.

(/usr/share/texlive/texmf-dist/tex/latex/hyperref/nameref.sty
Package: nameref 2019/09/16 v2.46 Cross-referencing by name of section

(/usr/share/texlive/texmf-dist/tex/latex/refcount/refcount.sty
Package: refcount 2019/12/15 v3.6 Data extraction from label references (HO)
)
(/usr/share/texlive/texmf-dist/tex/generic/gettitlestring/gettitlestring.sty
Package: gettitlestring 2019/12/15 v1.6 Cleanup title references (HO)
)
\c@section@level=\count316
)
LaTeX Info: Redefining \ref on input line 44.
LaTeX Info: Redefining \pageref on input line 44.
LaTeX Info: Redefining \nameref on input line 44.

(./report.out) (./report.out)
\@outlinefile=\write3
\openout3 = `report.out'.

\c@maskedRefs=\count317

(/usr/share/texlive/texmf-dist/tex/latex/apacite/english.apc
File: english.apc 2013/07/21 v6.03 apacite language file
LaTeX Info: Redefining \BPBI on input line 129.
LaTeX Info: Redefining \BHBI on input line 130.
)

LaTeX Font Warning: Font shape `OT1/cmr/m/scit' undefined
(Font)              using `OT1/cmr/m/it' instead on input line 102.

<images/freiburg.png, id=116, 2007.5pt x 2346.7675pt>
File: images/freiburg.png Graphic file (type png)
<use images/freiburg.png>
Package pdftex.def Info: images/freiburg.png  used on input line 107.
(pdftex.def)             Requested size: 85.35826pt x 99.76315pt.
[1

{/var/lib/texmf/fonts/map/pdftex/updmap/pdftex.map} <./images/freiburg.png>]
Underfull \hbox (badness 10000) in paragraph at lines 128--130

 []

pdfTeX warning (ext4): destination with the same identifier (name{page.1}) has 
been already used, duplicate ignored
<to be read again> 
                   \relax 
l.137 \clearpage
                 [1

] (./report.toc
LaTeX Font Info:    Trying to load font information for U+msa on input line 2.

(/usr/share/texlive/texmf-dist/tex/latex/amsfonts/umsa.fd
File: umsa.fd 2013/01/14 v3.01 AMS symbols A
)
LaTeX Font Info:    Trying to load font information for U+msb on input line 2.

(/usr/share/texlive/texmf-dist/tex/latex/amsfonts/umsb.fd
File: umsb.fd 2013/01/14 v3.01 AMS symbols B
))
\tf@toc=\write4
\openout4 = `report.toc'.

 [2

]
<images/raytracer_2.jpg, id=165, 289.08pt x 174.6525pt>
File: images/raytracer_2.jpg Graphic file (type jpg)
<use images/raytracer_2.jpg>
Package pdftex.def Info: images/raytracer_2.jpg  used on input line 154.
(pdftex.def)             Requested size: 227.62204pt x 137.5209pt.


LaTeX Warning: Citation `Kimathi2020' undefined on input line 155.


LaTeX Warning: Citation `Kimathi2020' undefined on input line 155.

[3

 <./images/raytracer_2.jpg>]
<images/marbel_brush.png, id=177, 1388.18625pt x 897.3525pt>
File: images/marbel_brush.png Graphic file (type png)
<use images/marbel_brush.png>
Package pdftex.def Info: images/marbel_brush.png  used on input line 167.
(pdftex.def)             Requested size: 284.52756pt x 183.91737pt.


LaTeX Warning: Citation `Burke2018' undefined on input line 169.


LaTeX Warning: Citation `Burke2018' undefined on input line 169.

[4

 <./images/marbel_brush.png>] [5]
<images/bvs.png, id=197, 853.1875pt x 324.21124pt>
File: images/bvs.png Graphic file (type png)
<use images/bvs.png>
Package pdftex.def Info: images/bvs.png  used on input line 207.
(pdftex.def)             Requested size: 284.52756pt x 108.12291pt.


LaTeX Warning: Citation `Ericson2004' undefined on input line 208.


LaTeX Warning: Citation `Ericson2004' undefined on input line 208.

<images/bvh_tree.png, id=203, 502.87875pt x 500.87125pt>
File: images/bvh_tree.png Graphic file (type png)
<use images/bvh_tree.png>
Package pdftex.def Info: images/bvh_tree.png  used on input line 221.
(pdftex.def)             Requested size: 227.62204pt x 226.71214pt.

LaTeX Warning: Citation `Ericson2004' undefined on input line 223.


LaTeX Warning: Citation `Ericson2004' undefined on input line 223.


LaTeX Warning: `h' float specifier changed to `ht'.

[6

 <./images/bvs.png>] [7 <./images/bvh_tree.png>]
<images/bvh_split.png, id=224, 970.62625pt x 312.16624pt>
File: images/bvh_split.png Graphic file (type png)
<use images/bvh_split.png>
Package pdftex.def Info: images/bvh_split.png  used on input line 273.
(pdftex.def)             Requested size: 284.52756pt x 91.50713pt.


LaTeX Warning: Citation `Ericson2004' undefined on input line 275.


LaTeX Warning: Citation `Ericson2004' undefined on input line 275.

<images/longaxis.png, id=230, 702.625pt x 702.625pt>
File: images/longaxis.png Graphic file (type png)
<use images/longaxis.png>
Package pdftex.def Info: images/longaxis.png  used on input line 296.
(pdftex.def)             Requested size: 135.89174pt x 135.89096pt.
<images/LONGAXIS_Y.png, id=231, 702.625pt x 702.625pt>
File: images/LONGAXIS_Y.png Graphic file (type png)
<use images/LONGAXIS_Y.png>
Package pdftex.def Info: images/LONGAXIS_Y.png  used on input line 303.
(pdftex.def)             Requested size: 135.89174pt x 135.89096pt.
<images/LONGAXIS_Z.png, id=232, 702.625pt x 702.625pt>
File: images/LONGAXIS_Z.png Graphic file (type png)
<use images/LONGAXIS_Z.png>
Package pdftex.def Info: images/LONGAXIS_Z.png  used on input line 310.
(pdftex.def)             Requested size: 135.89174pt x 135.89096pt.
[8 <./images/bvh_split.png>]
<images/example_bvh/2_g.png, id=246, 451.6875pt x 412.54124pt>
File: images/example_bvh/2_g.png Graphic file (type png)
<use images/example_bvh/2_g.png>
Package pdftex.def Info: images/example_bvh/2_g.png  used on input line 326.
(pdftex.def)             Requested size: 135.89174pt x 124.11583pt.
<images/example_bvh/3_g.png, id=247, 451.6875pt x 412.54124pt>
File: images/example_bvh/3_g.png Graphic file (type png)
<use images/example_bvh/3_g.png>
Package pdftex.def Info: images/example_bvh/3_g.png  used on input line 334.
(pdftex.def)             Requested size: 135.89174pt x 124.11583pt.
<images/example_bvh/4_g.png, id=248, 451.6875pt x 412.54124pt>
File: images/example_bvh/4_g.png Graphic file (type png)
<use images/example_bvh/4_g.png>
Package pdftex.def Info: images/example_bvh/4_g.png  used on input line 342.
(pdftex.def)             Requested size: 135.89174pt x 124.11583pt.
 [9 <./images/longaxis.png> <./images/LONGAXIS_Y.png> <./images/LONGAXIS_Z.png>
 <./images/example_bvh/2_g.png> <./images/example_bvh/3_g.png> <./images/exampl
e_bvh/4_g.png>]
<images/example_bvh/tree.png, id=260, 1156.32pt x 793.96625pt>
File: images/example_bvh/tree.png Graphic file (type png)
<use images/example_bvh/tree.png>
Package pdftex.def Info: images/example_bvh/tree.png  used on input line 376.
(pdftex.def)             Requested size: 256.0748pt x 175.82404pt.
 [10 <./images/example_bvh/tree.png>]
Package hyperref Info: bookmark level for unknown algorithm defaults to 0 on in
put line 393.
 [11]

LaTeX Warning: Citation `wikipedia2022' undefined on input line 420.


LaTeX Warning: Citation `Karras2012' undefined on input line 433.

<images/example_lbvh/morton_g.png, id=276, 416.55624pt x 401.5pt>
File: images/example_lbvh/morton_g.png Graphic file (type png)
<use images/example_lbvh/morton_g.png>
Package pdftex.def Info: images/example_lbvh/morton_g.png  used on input line 4
48.
(pdftex.def)             Requested size: 142.26378pt x 137.12082pt.
<images/example_lbvh/01_g.png, id=277, 427.5975pt x 397.485pt>
File: images/example_lbvh/01_g.png Graphic file (type png)
<use images/example_lbvh/01_g.png>
Package pdftex.def Info: images/example_lbvh/01_g.png  used on input line 456.
(pdftex.def)             Requested size: 142.26378pt x 132.24397pt.
<images/example_lbvh/02_g.png, id=278, 394.47375pt x 395.4775pt>
File: images/example_lbvh/02_g.png Graphic file (type png)
<use images/example_lbvh/02_g.png>
Package pdftex.def Info: images/example_lbvh/02_g.png  used on input line 464.
(pdftex.def)             Requested size: 142.26378pt x 142.62523pt.
<images/example_lbvh/03_g.png, id=279, 394.47375pt x 396.48125pt>
File: images/example_lbvh/03_g.png Graphic file (type png)
<use images/example_lbvh/03_g.png>
Package pdftex.def Info: images/example_lbvh/03_g.png  used on input line 473.
(pdftex.def)             Requested size: 142.26378pt x 142.98723pt.
[12

]
<images/example_lbvh/tree.png, id=288, 1156.32pt x 793.96625pt>
File: images/example_lbvh/tree.png Graphic file (type png)
<use images/example_lbvh/tree.png>
Package pdftex.def Info: images/example_lbvh/tree.png  used on input line 488.
(pdftex.def)             Requested size: 341.43306pt x 234.43608pt.


LaTeX Warning: `h' float specifier changed to `ht'.

[13 <./images/example_lbvh/morton_g.png> <./images/example_lbvh/01_g.png> <./im
ages/example_lbvh/02_g.png> <./images/example_lbvh/03_g.png>] [14 <./images/exa
mple_lbvh/tree.png>]
<images/kdtree/example_demo.png, id=305, 469.755pt x 398.48875pt>
File: images/kdtree/example_demo.png Graphic file (type png)
<use images/kdtree/example_demo.png>
Package pdftex.def Info: images/kdtree/example_demo.png  used on input line 556
.
(pdftex.def)             Requested size: 284.52756pt x 241.3631pt.


LaTeX Warning: Citation `Pharr2016' undefined on input line 557.


LaTeX Warning: Citation `Pharr2016' undefined on input line 557.

[15

 <./images/kdtree/example_demo.png>]
<images/kdtree/compact.png, id=317, 791.95876pt x 387.4475pt>
File: images/kdtree/compact.png Graphic file (type png)
<use images/kdtree/compact.png>
Package pdftex.def Info: images/kdtree/compact.png  used on input line 570.
(pdftex.def)             Requested size: 227.62204pt x 111.35777pt.


LaTeX Warning: Citation `Pharr2016' undefined on input line 571.


LaTeX Warning: Citation `Pharr2016' undefined on input line 571.


LaTeX Warning: Command \textbullet invalid in math mode on input line 589.


LaTeX Warning: Command \textbullet invalid in math mode on input line 589.

Missing character: There is no ˆ in font cmr10!
[16 <./images/kdtree/compact.png>]
<images/kdtree/grid_2.png, id=329, 723.70375pt x 731.73375pt>
File: images/kdtree/grid_2.png Graphic file (type png)
<use images/kdtree/grid_2.png>
Package pdftex.def Info: images/kdtree/grid_2.png  used on input line 628.
(pdftex.def)             Requested size: 142.26378pt x 143.84311pt.
<images/kdtree/grid_3.png, id=330, 723.70375pt x 731.73375pt>
File: images/kdtree/grid_3.png Graphic file (type png)
<use images/kdtree/grid_3.png>
Package pdftex.def Info: images/kdtree/grid_3.png  used on input line 635.
(pdftex.def)             Requested size: 142.26378pt x 143.84311pt.
<images/kdtree/grid_5.png, id=331, 723.70375pt x 731.73375pt>
File: images/kdtree/grid_5.png Graphic file (type png)
<use images/kdtree/grid_5.png>
Package pdftex.def Info: images/kdtree/grid_5.png  used on input line 642.
(pdftex.def)             Requested size: 142.26378pt x 143.84311pt.
<images/kdtree/grid_8.png, id=332, 723.70375pt x 731.73375pt>
File: images/kdtree/grid_8.png Graphic file (type png)
<use images/kdtree/grid_8.png>
Package pdftex.def Info: images/kdtree/grid_8.png  used on input line 649.
(pdftex.def)             Requested size: 142.26378pt x 143.84311pt.
 [17 <./images/kdtree/grid_2.png> <./images/kdtree/grid_3.png> <./images/kdtree
/grid_5.png> <./images/kdtree/grid_8.png>]
[18]
<images/kdtree/projected_bboxes.png, id=355, 846.16125pt x 403.5075pt>
File: images/kdtree/projected_bboxes.png Graphic file (type png)
<use images/kdtree/projected_bboxes.png>
Package pdftex.def Info: images/kdtree/projected_bboxes.png  used on input line
 712.
(pdftex.def)             Requested size: 284.52756pt x 135.68227pt.


LaTeX Warning: Citation `Pharr2016' undefined on input line 713.


LaTeX Warning: Citation `Pharr2016' undefined on input line 713.

[19 <./images/kdtree/projected_bboxes.png>]
<images/kdtree/traversal.png, id=367, 703.62875pt x 609.27625pt>
File: images/kdtree/traversal.png Graphic file (type png)
<use images/kdtree/traversal.png>
Package pdftex.def Info: images/kdtree/traversal.png  used on input line 733.
(pdftex.def)             Requested size: 284.52756pt x 246.37436pt.


LaTeX Warning: Citation `Pharr2016' undefined on input line 734.


LaTeX Warning: Citation `Pharr2016' undefined on input line 734.

[20 <./images/kdtree/traversal.png>]
<images/kdtree/traversal_case.png, id=378, 906.38625pt x 511.9125pt>
File: images/kdtree/traversal_case.png Graphic file (type png)
<use images/kdtree/traversal_case.png>
Package pdftex.def Info: images/kdtree/traversal_case.png  used on input line 7
53.
(pdftex.def)             Requested size: 284.52756pt x 160.69089pt.


LaTeX Warning: Citation `Pharr2016' undefined on input line 754.


LaTeX Warning: Citation `Pharr2016' undefined on input line 754.

[21 <./images/kdtree/traversal_case.png>]
<images/kdtree/visaul_scene_1_new.png, id=389, 683.55376pt x 685.56125pt>
File: images/kdtree/visaul_scene_1_new.png Graphic file (type png)
<use images/kdtree/visaul_scene_1_new.png>
Package pdftex.def Info: images/kdtree/visaul_scene_1_new.png  used on input li
ne 821.
(pdftex.def)             Requested size: 135.89174pt x 136.28342pt.
<images/kdtree/visaul_tree_11_new.png, id=390, 890.32625pt x 610.28pt>
File: images/kdtree/visaul_tree_11_new.png Graphic file (type png)
<use images/kdtree/visaul_tree_11_new.png>
Package pdftex.def Info: images/kdtree/visaul_tree_11_new.png  used on input li
ne 829.
(pdftex.def)             Requested size: 271.7835pt x 186.29808pt.
<images/kdtree/visaul_scene_2_new.png, id=391, 683.55376pt x 685.56125pt>
File: images/kdtree/visaul_scene_2_new.png Graphic file (type png)
<use images/kdtree/visaul_scene_2_new.png>
Package pdftex.def Info: images/kdtree/visaul_scene_2_new.png  used on input li
ne 837.
(pdftex.def)             Requested size: 135.89174pt x 136.28342pt.
<images/kdtree/visual_tree_2_new.png, id=392, 880.28876pt x 548.0475pt>
File: images/kdtree/visual_tree_2_new.png Graphic file (type png)
<use images/kdtree/visual_tree_2_new.png>
Package pdftex.def Info: images/kdtree/visual_tree_2_new.png  used on input lin
e 845.
(pdftex.def)             Requested size: 271.7835pt x 169.19887pt.
 [22

] [23 <./images/kdtree/visaul_scene_1_new.png> <./images/kdtree/visaul_tree_11_
new.png> <./images/kdtree/visaul_scene_2_new.png> <./images/kdtree/visual_tree_
2_new.png>]
<images/stanford-bunny-black.png, id=408, 256.96pt x 250.9375pt>
File: images/stanford-bunny-black.png Graphic file (type png)
<use images/stanford-bunny-black.png>
Package pdftex.def Info: images/stanford-bunny-black.png  used on input line 87
6.
(pdftex.def)             Requested size: 74.00285pt x 72.26999pt.

Overfull \hbox (2.87097pt too wide) in paragraph at lines 876--877
 []|[]| 
 []


Overfull \hbox (20.17108pt too wide) in paragraph at lines 874--881
 [][] 
 []


Overfull \hbox (20.17108pt too wide) in paragraph at lines 886--909
 [][] 
 []


LaTeX Warning: Citation `stanfordbunny' undefined on input line 909.


LaTeX Warning: Citation `stanfordbunny' undefined on input line 909.

[24 <./images/stanford-bunny-black.png>] [25]
File: images/stanford-bunny-black.png Graphic file (type png)
<use images/stanford-bunny-black.png>
Package pdftex.def Info: images/stanford-bunny-black.png  used on input line 95
0.
(pdftex.def)             Requested size: 74.00285pt x 72.26999pt.

Overfull \hbox (2.87097pt too wide) in paragraph at lines 950--950
 []|[]| 
 []

<images/igea-black.png, id=426, 192.72pt x 188.20313pt>
File: images/igea-black.png Graphic file (type png)
<use images/igea-black.png>
Package pdftex.def Info: images/igea-black.png  used on input line 950.
(pdftex.def)             Requested size: 74.0048pt x 72.26999pt.

Overfull \hbox (2.87292pt too wide) in paragraph at lines 950--950
 []|[]| 
 []

<images/xyzrgb_dragon.png, id=427, 192.72pt x 188.20313pt>
File: images/xyzrgb_dragon.png Graphic file (type png)
<use images/xyzrgb_dragon.png>
Package pdftex.def Info: images/xyzrgb_dragon.png  used on input line 950.
(pdftex.def)             Requested size: 74.0048pt x 72.26999pt.

Overfull \hbox (2.87292pt too wide) in paragraph at lines 950--950
 []|[]| 
 []

<images/happy-black.png, id=428, 182.18062pt x 187.45032pt>
File: images/happy-black.png Graphic file (type png)
<use images/happy-black.png>
Package pdftex.def Info: images/happy-black.png  used on input line 950.
(pdftex.def)             Requested size: 70.23843pt x 72.26999pt.

LaTeX Warning: Citation `stanfordbunny' undefined on input line 994.


LaTeX Warning: Citation `stanfordxyzdragon' undefined on input line 994.


LaTeX Warning: Citation `buddha' undefined on input line 994.


LaTeX Warning: Citation `stanfordbunny' undefined on input line 994.


LaTeX Warning: Citation `stanfordxyzdragon' undefined on input line 994.


LaTeX Warning: Citation `buddha' undefined on input line 994.


Underfull \hbox (badness 10000) in paragraph at lines 939--995

 []

[26]
Underfull \hbox (badness 10000) in paragraph at lines 1001--1003

 []

<images/tree.png, id=445, 225.84375pt x 225.84375pt>
File: images/tree.png Graphic file (type png)
<use images/tree.png>
Package pdftex.def Info: images/tree.png  used on input line 1014.
(pdftex.def)             Requested size: 142.26378pt x 142.27196pt.
<images/SCIFI.png, id=446, 225.84375pt x 225.84375pt>
File: images/SCIFI.png Graphic file (type png)
<use images/SCIFI.png>
Package pdftex.def Info: images/SCIFI.png  used on input line 1015.
(pdftex.def)             Requested size: 142.26378pt x 142.27196pt.
[27 <./images/igea-black.png> <./images/xyzrgb_dragon.png> <./images/happy-blac
k.png>]

LaTeX Warning: Citation `trees' undefined on input line 1061.

[28 <./images/tree.PNG> <./images/SCIFI.PNG>]

LaTeX Warning: Citation `scifi' undefined on input line 1071.


Underfull \hbox (badness 10000) in paragraph at lines 1074--1076

 []

[29] [30

] (./report.bbl) [31

] (./report.aux)

LaTeX Warning: There were undefined references.


LaTeX Warning: There were multiply-defined labels.


Package rerunfilecheck Warning: File `report.out' has changed.
(rerunfilecheck)                Rerun to get outlines right
(rerunfilecheck)                or use package `bookmark'.

Package rerunfilecheck Info: Checksums for `report.out':
(rerunfilecheck)             Before: 14532A8592E10A4B8E984363922AE94D;2006
(rerunfilecheck)             After:  60A2B43AED32414FA6A958846C86572F;2052.
 ) 
Here is how much of TeX's memory you used:
 11332 strings out of 479304
 173467 string characters out of 5869779
 525140 words of memory out of 5000000
 28165 multiletter control sequences out of 15000+600000
 417060 words of font info for 78 fonts, out of 8000000 for 9000
 1141 hyphenation exceptions out of 8191
 71i,16n,74p,1322b,555s stack positions out of 5000i,500n,10000p,200000b,80000s
pdfTeX warning (dest): name{cite.Karras2012} has been referenced but does not
 exist, replaced by a fixed one

pdfTeX warning (dest): name{cite.wikipedia2022} has been referenced but does no
t exist, replaced by a fixed one

{/usr/share/texmf/fonts/enc/dvips/cm-super/cm-super-ts1.enc}</usr/share/texlive
/texmf-dist/fonts/type1/public/amsfonts/cm/cmbx10.pfb></usr/share/texlive/texmf
-dist/fonts/type1/public/amsfonts/cm/cmbx12.pfb></usr/share/texlive/texmf-dist/
fonts/type1/public/amsfonts/cm/cmcsc10.pfb></usr/share/texlive/texmf-dist/fonts
/type1/public/amsfonts/cm/cmmi10.pfb></usr/share/texlive/texmf-dist/fonts/type1
/public/amsfonts/cm/cmmi6.pfb></usr/share/texlive/texmf-dist/fonts/type1/public
/amsfonts/cm/cmmi7.pfb></usr/share/texlive/texmf-dist/fonts/type1/public/amsfon
ts/cm/cmmi8.pfb></usr/share/texlive/texmf-dist/fonts/type1/public/amsfonts/cm/c
mmib10.pfb></usr/share/texlive/texmf-dist/fonts/type1/public/amsfonts/cmextra/c
mmib6.pfb></usr/share/texlive/texmf-dist/fonts/type1/public/amsfonts/cmextra/cm
mib8.pfb></usr/share/texlive/texmf-dist/fonts/type1/public/amsfonts/cm/cmr10.pf
b></usr/share/texlive/texmf-dist/fonts/type1/public/amsfonts/cm/cmr8.pfb></usr/
share/texlive/texmf-dist/fonts/type1/public/amsfonts/cm/cmr9.pfb></usr/share/te
xlive/texmf-dist/fonts/type1/public/amsfonts/cm/cmsy10.pfb></usr/share/texlive/
texmf-dist/fonts/type1/public/amsfonts/cm/cmti10.pfb></usr/share/texlive/texmf-
dist/fonts/type1/public/amsfonts/cm/cmtt10.pfb></usr/share/texmf/fonts/type1/pu
blic/cm-super/sfrm1095.pfb>
Output written on report.pdf (32 pages, 4326462 bytes).
PDF statistics:
 575 PDF objects out of 1000 (max. 8388607)
 419 compressed objects within 5 object streams
 106 named destinations out of 1000 (max. 500000)
 410 words of extra memory for PDF output out of 10000 (max. 10000000)

