  scrachpixel_2.cpp
C:\D\University\Semester_5\master project\git\Raytracer-Data-structures\scrachpixel_2\scrachpixel_2\bvh.h(119,17): warning C4244: 'initializing': conversion from 'int' to 'float', possible loss of data
C:\D\University\Semester_5\master project\git\Raytracer-Data-structures\scrachpixel_2\scrachpixel_2\bvh.h(120,1): warning C4305: 'argument': truncation from 'double' to 'T'
C:\D\University\Semester_5\master project\git\Raytracer-Data-structures\scrachpixel_2\scrachpixel_2\bvh.h(120,1): warning C4305:         with
C:\D\University\Semester_5\master project\git\Raytracer-Data-structures\scrachpixel_2\scrachpixel_2\bvh.h(120,1): warning C4305:         [
C:\D\University\Semester_5\master project\git\Raytracer-Data-structures\scrachpixel_2\scrachpixel_2\bvh.h(120,1): warning C4305:             T=float
C:\D\University\Semester_5\master project\git\Raytracer-Data-structures\scrachpixel_2\scrachpixel_2\bvh.h(120,1): warning C4305:         ]
C:\D\University\Semester_5\master project\git\Raytracer-Data-structures\scrachpixel_2\scrachpixel_2\bvh.h(198,83): warning C4305: 'argument': truncation from 'double' to 'T'
C:\D\University\Semester_5\master project\git\Raytracer-Data-structures\scrachpixel_2\scrachpixel_2\bvh.h(198,83): warning C4305:         with
C:\D\University\Semester_5\master project\git\Raytracer-Data-structures\scrachpixel_2\scrachpixel_2\bvh.h(198,83): warning C4305:         [
C:\D\University\Semester_5\master project\git\Raytracer-Data-structures\scrachpixel_2\scrachpixel_2\bvh.h(198,83): warning C4305:             T=float
C:\D\University\Semester_5\master project\git\Raytracer-Data-structures\scrachpixel_2\scrachpixel_2\bvh.h(198,83): warning C4305:         ]
C:\D\University\Semester_5\master project\git\Raytracer-Data-structures\scrachpixel_2\scrachpixel_2\bvh.h(483,20): warning C4018: '<': signed/unsigned mismatch
C:\D\University\Semester_5\master project\git\Raytracer-Data-structures\scrachpixel_2\scrachpixel_2\bvh.h(625,10): warning C4244: '=': conversion from 'double' to 'int', possible loss of data
C:\D\University\Semester_5\master project\git\Raytracer-Data-structures\scrachpixel_2\scrachpixel_2\bvh.h(626,10): warning C4244: '=': conversion from 'double' to 'int', possible loss of data
C:\D\University\Semester_5\master project\git\Raytracer-Data-structures\scrachpixel_2\scrachpixel_2\bvh.h(751,50): warning C4244: 'argument': conversion from 'uint64_t' to 'int', possible loss of data
C:\D\University\Semester_5\master project\git\Raytracer-Data-structures\scrachpixel_2\scrachpixel_2\bvh.h(751,43): warning C4244: 'argument': conversion from 'uint64_t' to 'int', possible loss of data
C:\D\University\Semester_5\master project\git\Raytracer-Data-structures\scrachpixel_2\scrachpixel_2\bvh.h(806,29): warning C4244: 'argument': conversion from 'uint64_t' to 'const unsigned int', possible loss of data
C:\D\University\Semester_5\master project\git\Raytracer-Data-structures\scrachpixel_2\scrachpixel_2\bvh.h(808,11): warning C4244: 'argument': conversion from 'uint64_t' to 'const unsigned int', possible loss of data
C:\D\University\Semester_5\master project\git\Raytracer-Data-structures\scrachpixel_2\scrachpixel_2\bvh.h(810,29): warning C4244: 'argument': conversion from 'uint64_t' to 'const unsigned int', possible loss of data
C:\D\University\Semester_5\master project\git\Raytracer-Data-structures\scrachpixel_2\scrachpixel_2\bvh.h(811,34): warning C4244: 'argument': conversion from 'uint64_t' to 'const unsigned int', possible loss of data
C:\D\University\Semester_5\master project\git\Raytracer-Data-structures\scrachpixel_2\scrachpixel_2\bvh.h(875,20): warning C4018: '<': signed/unsigned mismatch
C:\D\University\Semester_5\master project\git\Raytracer-Data-structures\scrachpixel_2\scrachpixel_2\bvh.h(1026,25): warning C4018: '<': signed/unsigned mismatch
C:\D\University\Semester_5\master project\git\Raytracer-Data-structures\scrachpixel_2\scrachpixel_2\bvh.h(1210,85): warning C4305: 'argument': truncation from 'double' to 'float'
C:\D\University\Semester_5\master project\git\Raytracer-Data-structures\scrachpixel_2\scrachpixel_2\bvh.h(1212,29): warning C4244: '=': conversion from 'float' to 'T', possible loss of data
C:\D\University\Semester_5\master project\git\Raytracer-Data-structures\scrachpixel_2\scrachpixel_2\bvh.h(1212,29): warning C4244:         with
C:\D\University\Semester_5\master project\git\Raytracer-Data-structures\scrachpixel_2\scrachpixel_2\bvh.h(1212,29): warning C4244:         [
C:\D\University\Semester_5\master project\git\Raytracer-Data-structures\scrachpixel_2\scrachpixel_2\bvh.h(1212,29): warning C4244:             T=uint32_t
C:\D\University\Semester_5\master project\git\Raytracer-Data-structures\scrachpixel_2\scrachpixel_2\bvh.h(1212,29): warning C4244:         ]
C:\D\University\Semester_5\master project\git\Raytracer-Data-structures\scrachpixel_2\scrachpixel_2\bvh.h(1252,45): warning C4244: 'argument': conversion from 'float' to 'const T', possible loss of data
C:\D\University\Semester_5\master project\git\Raytracer-Data-structures\scrachpixel_2\scrachpixel_2\bvh.h(1252,45): warning C4244:         with
C:\D\University\Semester_5\master project\git\Raytracer-Data-structures\scrachpixel_2\scrachpixel_2\bvh.h(1252,45): warning C4244:         [
C:\D\University\Semester_5\master project\git\Raytracer-Data-structures\scrachpixel_2\scrachpixel_2\bvh.h(1252,45): warning C4244:             T=uint32_t
C:\D\University\Semester_5\master project\git\Raytracer-Data-structures\scrachpixel_2\scrachpixel_2\bvh.h(1252,45): warning C4244:         ]
C:\D\University\Semester_5\master project\git\Raytracer-Data-structures\scrachpixel_2\scrachpixel_2\bvh.h(1253,45): warning C4244: 'argument': conversion from 'float' to 'const T', possible loss of data
C:\D\University\Semester_5\master project\git\Raytracer-Data-structures\scrachpixel_2\scrachpixel_2\bvh.h(1253,45): warning C4244:         with
C:\D\University\Semester_5\master project\git\Raytracer-Data-structures\scrachpixel_2\scrachpixel_2\bvh.h(1253,45): warning C4244:         [
C:\D\University\Semester_5\master project\git\Raytracer-Data-structures\scrachpixel_2\scrachpixel_2\bvh.h(1253,45): warning C4244:             T=uint32_t
C:\D\University\Semester_5\master project\git\Raytracer-Data-structures\scrachpixel_2\scrachpixel_2\bvh.h(1253,45): warning C4244:         ]
C:\D\University\Semester_5\master project\git\Raytracer-Data-structures\scrachpixel_2\scrachpixel_2\bvh.h(1254,45): warning C4244: 'argument': conversion from 'float' to 'const T', possible loss of data
C:\D\University\Semester_5\master project\git\Raytracer-Data-structures\scrachpixel_2\scrachpixel_2\bvh.h(1254,45): warning C4244:         with
C:\D\University\Semester_5\master project\git\Raytracer-Data-structures\scrachpixel_2\scrachpixel_2\bvh.h(1254,45): warning C4244:         [
C:\D\University\Semester_5\master project\git\Raytracer-Data-structures\scrachpixel_2\scrachpixel_2\bvh.h(1254,45): warning C4244:             T=uint32_t
C:\D\University\Semester_5\master project\git\Raytracer-Data-structures\scrachpixel_2\scrachpixel_2\bvh.h(1254,45): warning C4244:         ]
C:\D\University\Semester_5\master project\git\Raytracer-Data-structures\scrachpixel_2\scrachpixel_2\bvh.h(1255,45): warning C4244: 'argument': conversion from 'float' to 'const T', possible loss of data
C:\D\University\Semester_5\master project\git\Raytracer-Data-structures\scrachpixel_2\scrachpixel_2\bvh.h(1255,45): warning C4244:         with
C:\D\University\Semester_5\master project\git\Raytracer-Data-structures\scrachpixel_2\scrachpixel_2\bvh.h(1255,45): warning C4244:         [
C:\D\University\Semester_5\master project\git\Raytracer-Data-structures\scrachpixel_2\scrachpixel_2\bvh.h(1255,45): warning C4244:             T=uint32_t
C:\D\University\Semester_5\master project\git\Raytracer-Data-structures\scrachpixel_2\scrachpixel_2\bvh.h(1255,45): warning C4244:         ]
C:\D\University\Semester_5\master project\git\Raytracer-Data-structures\scrachpixel_2\scrachpixel_2\bvh.h(1256,45): warning C4244: 'argument': conversion from 'float' to 'const T', possible loss of data
C:\D\University\Semester_5\master project\git\Raytracer-Data-structures\scrachpixel_2\scrachpixel_2\bvh.h(1256,45): warning C4244:         with
C:\D\University\Semester_5\master project\git\Raytracer-Data-structures\scrachpixel_2\scrachpixel_2\bvh.h(1256,45): warning C4244:         [
C:\D\University\Semester_5\master project\git\Raytracer-Data-structures\scrachpixel_2\scrachpixel_2\bvh.h(1256,45): warning C4244:             T=uint32_t
C:\D\University\Semester_5\master project\git\Raytracer-Data-structures\scrachpixel_2\scrachpixel_2\bvh.h(1256,45): warning C4244:         ]
C:\D\University\Semester_5\master project\git\Raytracer-Data-structures\scrachpixel_2\scrachpixel_2\bvh.h(1257,45): warning C4244: 'argument': conversion from 'float' to 'const T', possible loss of data
C:\D\University\Semester_5\master project\git\Raytracer-Data-structures\scrachpixel_2\scrachpixel_2\bvh.h(1257,45): warning C4244:         with
C:\D\University\Semester_5\master project\git\Raytracer-Data-structures\scrachpixel_2\scrachpixel_2\bvh.h(1257,45): warning C4244:         [
C:\D\University\Semester_5\master project\git\Raytracer-Data-structures\scrachpixel_2\scrachpixel_2\bvh.h(1257,45): warning C4244:             T=uint32_t
C:\D\University\Semester_5\master project\git\Raytracer-Data-structures\scrachpixel_2\scrachpixel_2\bvh.h(1257,45): warning C4244:         ]
C:\D\University\Semester_5\master project\git\Raytracer-Data-structures\scrachpixel_2\scrachpixel_2\bvh.h(1279,37): warning C4305: 'argument': truncation from 'double' to 'T'
C:\D\University\Semester_5\master project\git\Raytracer-Data-structures\scrachpixel_2\scrachpixel_2\bvh.h(1279,37): warning C4305:         with
C:\D\University\Semester_5\master project\git\Raytracer-Data-structures\scrachpixel_2\scrachpixel_2\bvh.h(1279,37): warning C4305:         [
C:\D\University\Semester_5\master project\git\Raytracer-Data-structures\scrachpixel_2\scrachpixel_2\bvh.h(1279,37): warning C4305:             T=float
C:\D\University\Semester_5\master project\git\Raytracer-Data-structures\scrachpixel_2\scrachpixel_2\bvh.h(1279,37): warning C4305:         ]
C:\D\University\Semester_5\master project\git\Raytracer-Data-structures\scrachpixel_2\scrachpixel_2\bvh.h(1278,8): warning C4101: 't0': unreferenced local variable
C:\D\University\Semester_5\master project\git\Raytracer-Data-structures\scrachpixel_2\scrachpixel_2\bvh.h(1277,14): warning C4101: 'vhit': unreferenced local variable
C:\D\University\Semester_5\master project\git\Raytracer-Data-structures\scrachpixel_2\scrachpixel_2\bvh.h(1277,8): warning C4101: 'uhit': unreferenced local variable
C:\D\University\Semester_5\master project\git\Raytracer-Data-structures\scrachpixel_2\scrachpixel_2\bvh.h(1278,12): warning C4101: 't1': unreferenced local variable
C:\D\University\Semester_5\master project\git\Raytracer-Data-structures\scrachpixel_2\scrachpixel_2\bvh.h(1290,15): warning C4101: 'v': unreferenced local variable
C:\D\University\Semester_5\master project\git\Raytracer-Data-structures\scrachpixel_2\scrachpixel_2\bvh.h(1290,9): warning C4101: 't': unreferenced local variable
C:\D\University\Semester_5\master project\git\Raytracer-Data-structures\scrachpixel_2\scrachpixel_2\bvh.h(1290,12): warning C4101: 'u': unreferenced local variable
C:\D\University\Semester_5\master project\git\Raytracer-Data-structures\scrachpixel_2\scrachpixel_2\bvh.h(1326,39): warning C4244: 'argument': conversion from 'float' to 'const T', possible loss of data
C:\D\University\Semester_5\master project\git\Raytracer-Data-structures\scrachpixel_2\scrachpixel_2\bvh.h(1326,39): warning C4244:         with
C:\D\University\Semester_5\master project\git\Raytracer-Data-structures\scrachpixel_2\scrachpixel_2\bvh.h(1326,39): warning C4244:         [
C:\D\University\Semester_5\master project\git\Raytracer-Data-structures\scrachpixel_2\scrachpixel_2\bvh.h(1326,39): warning C4244:             T=uint32_t
C:\D\University\Semester_5\master project\git\Raytracer-Data-structures\scrachpixel_2\scrachpixel_2\bvh.h(1326,39): warning C4244:         ]
C:\D\University\Semester_5\master project\git\Raytracer-Data-structures\scrachpixel_2\scrachpixel_2\bvh.h(1344,20): warning C4018: '<': signed/unsigned mismatch
C:\D\University\Semester_5\master project\git\Raytracer-Data-structures\scrachpixel_2\scrachpixel_2\scrachpixel_2.cpp(55,32): warning C4305: 'initializing': truncation from 'double' to 'float'
C:\D\University\Semester_5\master project\git\Raytracer-Data-structures\scrachpixel_2\scrachpixel_2\scrachpixel_2.cpp(58,27): warning C4305: 'initializing': truncation from 'double' to 'const float'
C:\D\University\Semester_5\master project\git\Raytracer-Data-structures\scrachpixel_2\scrachpixel_2\scrachpixel_2.cpp(72,20): warning C4244: 'return': conversion from 'double' to 'float', possible loss of data
C:\D\University\Semester_5\master project\git\Raytracer-Data-structures\scrachpixel_2\scrachpixel_2\scrachpixel_2.cpp(90,21): warning C4305: 'initializing': truncation from 'double' to 'float'
C:\D\University\Semester_5\master project\git\Raytracer-Data-structures\scrachpixel_2\scrachpixel_2\scrachpixel_2.cpp(359,27): warning C4305: 'argument': truncation from 'double' to 'T'
C:\D\University\Semester_5\master project\git\Raytracer-Data-structures\scrachpixel_2\scrachpixel_2\scrachpixel_2.cpp(359,27): warning C4305:         with
C:\D\University\Semester_5\master project\git\Raytracer-Data-structures\scrachpixel_2\scrachpixel_2\scrachpixel_2.cpp(359,27): warning C4305:         [
C:\D\University\Semester_5\master project\git\Raytracer-Data-structures\scrachpixel_2\scrachpixel_2\scrachpixel_2.cpp(359,27): warning C4305:             T=float
C:\D\University\Semester_5\master project\git\Raytracer-Data-structures\scrachpixel_2\scrachpixel_2\scrachpixel_2.cpp(359,27): warning C4305:         ]
C:\D\University\Semester_5\master project\git\Raytracer-Data-structures\scrachpixel_2\scrachpixel_2\scrachpixel_2.cpp(365,37): warning C4305: 'argument': truncation from 'double' to 'T'
C:\D\University\Semester_5\master project\git\Raytracer-Data-structures\scrachpixel_2\scrachpixel_2\scrachpixel_2.cpp(365,37): warning C4305:         with
C:\D\University\Semester_5\master project\git\Raytracer-Data-structures\scrachpixel_2\scrachpixel_2\scrachpixel_2.cpp(365,37): warning C4305:         [
C:\D\University\Semester_5\master project\git\Raytracer-Data-structures\scrachpixel_2\scrachpixel_2\scrachpixel_2.cpp(365,37): warning C4305:             T=float
C:\D\University\Semester_5\master project\git\Raytracer-Data-structures\scrachpixel_2\scrachpixel_2\scrachpixel_2.cpp(365,37): warning C4305:         ]
C:\D\University\Semester_5\master project\git\Raytracer-Data-structures\scrachpixel_2\scrachpixel_2\scrachpixel_2.cpp(389,28): warning C4305: 'argument': truncation from 'double' to 'T'
C:\D\University\Semester_5\master project\git\Raytracer-Data-structures\scrachpixel_2\scrachpixel_2\scrachpixel_2.cpp(389,28): warning C4305:         with
C:\D\University\Semester_5\master project\git\Raytracer-Data-structures\scrachpixel_2\scrachpixel_2\scrachpixel_2.cpp(389,28): warning C4305:         [
C:\D\University\Semester_5\master project\git\Raytracer-Data-structures\scrachpixel_2\scrachpixel_2\scrachpixel_2.cpp(389,28): warning C4305:             T=float
C:\D\University\Semester_5\master project\git\Raytracer-Data-structures\scrachpixel_2\scrachpixel_2\scrachpixel_2.cpp(389,28): warning C4305:         ]
C:\D\University\Semester_5\master project\git\Raytracer-Data-structures\scrachpixel_2\scrachpixel_2\scrachpixel_2.cpp(530,19): warning C4305: 'initializing': truncation from 'double' to 'float'
C:\D\University\Semester_5\master project\git\Raytracer-Data-structures\scrachpixel_2\scrachpixel_2\scrachpixel_2.cpp(599,20): warning C4244: 'argument': conversion from 'int' to 'const T', possible loss of data
C:\D\University\Semester_5\master project\git\Raytracer-Data-structures\scrachpixel_2\scrachpixel_2\scrachpixel_2.cpp(599,20): warning C4244:         with
C:\D\University\Semester_5\master project\git\Raytracer-Data-structures\scrachpixel_2\scrachpixel_2\scrachpixel_2.cpp(599,20): warning C4244:         [
C:\D\University\Semester_5\master project\git\Raytracer-Data-structures\scrachpixel_2\scrachpixel_2\scrachpixel_2.cpp(599,20): warning C4244:             T=float
C:\D\University\Semester_5\master project\git\Raytracer-Data-structures\scrachpixel_2\scrachpixel_2\scrachpixel_2.cpp(599,20): warning C4244:         ]
C:\D\University\Semester_5\master project\git\Raytracer-Data-structures\scrachpixel_2\scrachpixel_2\scrachpixel_2.cpp(603,18): warning C4305: 'argument': truncation from 'double' to 'T'
C:\D\University\Semester_5\master project\git\Raytracer-Data-structures\scrachpixel_2\scrachpixel_2\scrachpixel_2.cpp(603,18): warning C4305:         with
C:\D\University\Semester_5\master project\git\Raytracer-Data-structures\scrachpixel_2\scrachpixel_2\scrachpixel_2.cpp(603,18): warning C4305:         [
C:\D\University\Semester_5\master project\git\Raytracer-Data-structures\scrachpixel_2\scrachpixel_2\scrachpixel_2.cpp(603,18): warning C4305:             T=float
C:\D\University\Semester_5\master project\git\Raytracer-Data-structures\scrachpixel_2\scrachpixel_2\scrachpixel_2.cpp(603,18): warning C4305:         ]
C:\D\University\Semester_5\master project\git\Raytracer-Data-structures\scrachpixel_2\scrachpixel_2\scrachpixel_2.cpp(606,13): warning C4244: 'initializing': conversion from 'double' to 'float', possible loss of data
C:\D\University\Semester_5\master project\git\Raytracer-Data-structures\scrachpixel_2\scrachpixel_2\scrachpixel_2.cpp(607,13): warning C4244: 'initializing': conversion from 'double' to 'float', possible loss of data
C:\D\University\Semester_5\master project\git\Raytracer-Data-structures\scrachpixel_2\scrachpixel_2\scrachpixel_2.cpp(609,19): warning C4244: 'initializing': conversion from 'double' to 'float', possible loss of data
C:\D\University\Semester_5\master project\git\Raytracer-Data-structures\scrachpixel_2\scrachpixel_2\scrachpixel_2.cpp(615,64): warning C4305: 'argument': truncation from 'double' to 'const T'
C:\D\University\Semester_5\master project\git\Raytracer-Data-structures\scrachpixel_2\scrachpixel_2\scrachpixel_2.cpp(615,64): warning C4305:         with
C:\D\University\Semester_5\master project\git\Raytracer-Data-structures\scrachpixel_2\scrachpixel_2\scrachpixel_2.cpp(615,64): warning C4305:         [
C:\D\University\Semester_5\master project\git\Raytracer-Data-structures\scrachpixel_2\scrachpixel_2\scrachpixel_2.cpp(615,64): warning C4305:             T=float
C:\D\University\Semester_5\master project\git\Raytracer-Data-structures\scrachpixel_2\scrachpixel_2\scrachpixel_2.cpp(615,64): warning C4305:         ]
C:\D\University\Semester_5\master project\git\Raytracer-Data-structures\scrachpixel_2\scrachpixel_2\scrachpixel_2.cpp(672,14): warning C4244: 'initializing': conversion from 'double' to 'float', possible loss of data
C:\D\University\Semester_5\master project\git\Raytracer-Data-structures\scrachpixel_2\scrachpixel_2\scrachpixel_2.cpp(680,14): warning C4244: 'initializing': conversion from 'double' to 'float', possible loss of data
C:\D\University\Semester_5\master project\git\Raytracer-Data-structures\scrachpixel_2\scrachpixel_2\scrachpixel_2.cpp(681,14): warning C4244: 'initializing': conversion from 'double' to 'float', possible loss of data
C:\D\University\Semester_5\master project\git\Raytracer-Data-structures\scrachpixel_2\scrachpixel_2\scrachpixel_2.cpp(742,15): warning C4244: 'initializing': conversion from 'int' to 'float', possible loss of data
C:\D\University\Semester_5\master project\git\Raytracer-Data-structures\scrachpixel_2\scrachpixel_2\scrachpixel_2.cpp(773,25): warning C4305: '=': truncation from 'double' to 'float'
C:\D\University\Semester_5\master project\git\Raytracer-Data-structures\scrachpixel_2\scrachpixel_2\scrachpixel_2.cpp(788,68): warning C4305: 'argument': truncation from 'double' to 'T'
C:\D\University\Semester_5\master project\git\Raytracer-Data-structures\scrachpixel_2\scrachpixel_2\scrachpixel_2.cpp(788,68): warning C4305:         with
C:\D\University\Semester_5\master project\git\Raytracer-Data-structures\scrachpixel_2\scrachpixel_2\scrachpixel_2.cpp(788,68): warning C4305:         [
C:\D\University\Semester_5\master project\git\Raytracer-Data-structures\scrachpixel_2\scrachpixel_2\scrachpixel_2.cpp(788,68): warning C4305:             T=float
C:\D\University\Semester_5\master project\git\Raytracer-Data-structures\scrachpixel_2\scrachpixel_2\scrachpixel_2.cpp(788,68): warning C4305:         ]
C:\D\University\Semester_5\master project\git\Raytracer-Data-structures\scrachpixel_2\scrachpixel_2\scrachpixel_2.cpp(846,15): warning C4244: 'initializing': conversion from 'int' to 'float', possible loss of data
C:\D\University\Semester_5\master project\git\Raytracer-Data-structures\scrachpixel_2\scrachpixel_2\scrachpixel_2.cpp(877,24): warning C4305: '=': truncation from 'double' to 'float'
C:\D\University\Semester_5\master project\git\Raytracer-Data-structures\scrachpixel_2\scrachpixel_2\scrachpixel_2.cpp(892,66): warning C4305: 'argument': truncation from 'double' to 'T'
C:\D\University\Semester_5\master project\git\Raytracer-Data-structures\scrachpixel_2\scrachpixel_2\scrachpixel_2.cpp(892,66): warning C4305:         with
C:\D\University\Semester_5\master project\git\Raytracer-Data-structures\scrachpixel_2\scrachpixel_2\scrachpixel_2.cpp(892,66): warning C4305:         [
C:\D\University\Semester_5\master project\git\Raytracer-Data-structures\scrachpixel_2\scrachpixel_2\scrachpixel_2.cpp(892,66): warning C4305:             T=float
C:\D\University\Semester_5\master project\git\Raytracer-Data-structures\scrachpixel_2\scrachpixel_2\scrachpixel_2.cpp(892,66): warning C4305:         ]
C:\D\University\Semester_5\master project\git\Raytracer-Data-structures\scrachpixel_2\scrachpixel_2\scrachpixel_2.cpp(966,68): warning C4305: 'argument': truncation from 'double' to 'T'
C:\D\University\Semester_5\master project\git\Raytracer-Data-structures\scrachpixel_2\scrachpixel_2\scrachpixel_2.cpp(966,68): warning C4305:         with
C:\D\University\Semester_5\master project\git\Raytracer-Data-structures\scrachpixel_2\scrachpixel_2\scrachpixel_2.cpp(966,68): warning C4305:         [
C:\D\University\Semester_5\master project\git\Raytracer-Data-structures\scrachpixel_2\scrachpixel_2\scrachpixel_2.cpp(966,68): warning C4305:             T=float
C:\D\University\Semester_5\master project\git\Raytracer-Data-structures\scrachpixel_2\scrachpixel_2\scrachpixel_2.cpp(966,68): warning C4305:         ]
C:\D\University\Semester_5\master project\git\Raytracer-Data-structures\scrachpixel_2\scrachpixel_2\scrachpixel_2.cpp(973,80): warning C4305: 'argument': truncation from 'double' to 'T'
C:\D\University\Semester_5\master project\git\Raytracer-Data-structures\scrachpixel_2\scrachpixel_2\scrachpixel_2.cpp(973,80): warning C4305:         with
C:\D\University\Semester_5\master project\git\Raytracer-Data-structures\scrachpixel_2\scrachpixel_2\scrachpixel_2.cpp(973,80): warning C4305:         [
C:\D\University\Semester_5\master project\git\Raytracer-Data-structures\scrachpixel_2\scrachpixel_2\scrachpixel_2.cpp(973,80): warning C4305:             T=float
C:\D\University\Semester_5\master project\git\Raytracer-Data-structures\scrachpixel_2\scrachpixel_2\scrachpixel_2.cpp(973,80): warning C4305:         ]
C:\D\University\Semester_5\master project\git\Raytracer-Data-structures\scrachpixel_2\scrachpixel_2\scrachpixel_2.cpp(974,73): warning C4305: 'argument': truncation from 'double' to 'T'
C:\D\University\Semester_5\master project\git\Raytracer-Data-structures\scrachpixel_2\scrachpixel_2\scrachpixel_2.cpp(974,73): warning C4305:         with
C:\D\University\Semester_5\master project\git\Raytracer-Data-structures\scrachpixel_2\scrachpixel_2\scrachpixel_2.cpp(974,73): warning C4305:         [
C:\D\University\Semester_5\master project\git\Raytracer-Data-structures\scrachpixel_2\scrachpixel_2\scrachpixel_2.cpp(974,73): warning C4305:             T=float
C:\D\University\Semester_5\master project\git\Raytracer-Data-structures\scrachpixel_2\scrachpixel_2\scrachpixel_2.cpp(974,73): warning C4305:         ]
  scrachpixel_2.vcxproj -> C:\D\University\Semester_5\master project\git\Raytracer-Data-structures\scrachpixel_2\Debug\scrachpixel_2.exe
