This is pdfTeX, Version 3.14159265-2.6-1.40.20 (MiKTeX 2.9.7000 64-bit) (preloaded format=pdflatex 2019.11.11)  3 SEP 2021 22:14
entering extended mode
**./sample.tex
(sample.tex
LaTeX2e <2018-12-01>
("C:\Users\alhaj\AppData\Local\Programs\MiKTeX 2.9\tex/latex/base\article.cls"
Document Class: article 2018/09/03 v1.4i Standard LaTeX document class
("C:\Users\alhaj\AppData\Local\Programs\MiKTeX 2.9\tex/latex/base\size11.clo"
File: size11.clo 2018/09/03 v1.4i Standard LaTeX file (size option)
)
\c@part=\count80
\c@section=\count81
\c@subsection=\count82
\c@subsubsection=\count83
\c@paragraph=\count84
\c@subparagraph=\count85
\c@figure=\count86
\c@table=\count87
\abovecaptionskip=\skip41
\belowcaptionskip=\skip42
\bibindent=\dimen102
)
("C:\Users\alhaj\AppData\Local\Programs\MiKTeX 2.9\tex/latex/preprint\fullpage.
sty"
Package: fullpage 1999/02/23 1.1 (PWD)
\FP@margin=\skip43
)
("C:\Users\alhaj\AppData\Local\Programs\MiKTeX 2.9\tex/latex/amsmath\amsmath.st
y"
Package: amsmath 2018/12/01 v2.17b AMS math features
\@mathmargin=\skip44

For additional information on amsmath, use the `?' option.

("C:\Users\alhaj\AppData\Local\Programs\MiKTeX 2.9\tex/latex/amsmath\amstext.st
y"
Package: amstext 2000/06/29 v2.01 AMS text

("C:\Users\alhaj\AppData\Local\Programs\MiKTeX 2.9\tex/latex/amsmath\amsgen.sty
"
File: amsgen.sty 1999/11/30 v2.0 generic functions
\@emptytoks=\toks14
\ex@=\dimen103
))
("C:\Users\alhaj\AppData\Local\Programs\MiKTeX 2.9\tex/latex/amsmath\amsbsy.sty
"
Package: amsbsy 1999/11/29 v1.2d Bold Symbols
\pmbraise@=\dimen104
)
("C:\Users\alhaj\AppData\Local\Programs\MiKTeX 2.9\tex/latex/amsmath\amsopn.sty
"
Package: amsopn 2016/03/08 v2.02 operator names
)
\inf@bad=\count88
LaTeX Info: Redefining \frac on input line 223.
\uproot@=\count89
\leftroot@=\count90
LaTeX Info: Redefining \overline on input line 385.
\classnum@=\count91
\DOTSCASE@=\count92
LaTeX Info: Redefining \ldots on input line 482.
LaTeX Info: Redefining \dots on input line 485.
LaTeX Info: Redefining \cdots on input line 606.
\Mathstrutbox@=\box27
\strutbox@=\box28
\big@size=\dimen105
LaTeX Font Info:    Redeclaring font encoding OML on input line 729.
LaTeX Font Info:    Redeclaring font encoding OMS on input line 730.
\macc@depth=\count93
\c@MaxMatrixCols=\count94
\dotsspace@=\muskip10
\c@parentequation=\count95
\dspbrk@lvl=\count96
\tag@help=\toks15
\row@=\count97
\column@=\count98
\maxfields@=\count99
\andhelp@=\toks16
\eqnshift@=\dimen106
\alignsep@=\dimen107
\tagshift@=\dimen108
\tagwidth@=\dimen109
\totwidth@=\dimen110
\lineht@=\dimen111
\@envbody=\toks17
\multlinegap=\skip45
\multlinetaggap=\skip46
\mathdisplay@stack=\toks18
LaTeX Info: Redefining \[ on input line 2844.
LaTeX Info: Redefining \] on input line 2845.
)
("C:\Users\alhaj\AppData\Local\Programs\MiKTeX 2.9\tex/latex/amsfonts\amssymb.s
ty"
Package: amssymb 2013/01/14 v3.01 AMS font symbols

("C:\Users\alhaj\AppData\Local\Programs\MiKTeX 2.9\tex/latex/amsfonts\amsfonts.
sty"
Package: amsfonts 2013/01/14 v3.01 Basic AMSFonts support
\symAMSa=\mathgroup4
\symAMSb=\mathgroup5
LaTeX Font Info:    Overwriting math alphabet `\mathfrak' in version `bold'
(Font)                  U/euf/m/n --> U/euf/b/n on input line 106.
))
("C:\Users\alhaj\AppData\Local\Programs\MiKTeX 2.9\tex/latex/mathtools\mathtool
s.sty"
Package: mathtools 2018/01/08 v1.21 mathematical typesetting tools

("C:\Users\alhaj\AppData\Local\Programs\MiKTeX 2.9\tex/latex/graphics\keyval.st
y"
Package: keyval 2014/10/28 v1.15 key=value parser (DPC)
\KV@toks@=\toks19
) ("C:\Users\alhaj\AppData\Local\Programs\MiKTeX 2.9\tex/latex/tools\calc.sty"
Package: calc 2017/05/25 v4.3 Infix arithmetic (KKT,FJ)
\calc@Acount=\count100
\calc@Bcount=\count101
\calc@Adimen=\dimen112
\calc@Bdimen=\dimen113
\calc@Askip=\skip47
\calc@Bskip=\skip48
LaTeX Info: Redefining \setlength on input line 80.
LaTeX Info: Redefining \addtolength on input line 81.
\calc@Ccount=\count102
\calc@Cskip=\skip49
)
("C:\Users\alhaj\AppData\Local\Programs\MiKTeX 2.9\tex/latex/mathtools\mhsetup.
sty"
Package: mhsetup 2017/03/31 v1.3 programming setup (MH)
)
LaTeX Info: Thecontrolsequence`\('isalreadyrobust on input line 129.
LaTeX Info: Thecontrolsequence`\)'isalreadyrobust on input line 129.
LaTeX Info: Thecontrolsequence`\['isalreadyrobust on input line 129.
LaTeX Info: Thecontrolsequence`\]'isalreadyrobust on input line 129.
\g_MT_multlinerow_int=\count103
\l_MT_multwidth_dim=\dimen114
\origjot=\skip50
\l_MT_shortvdotswithinadjustabove_dim=\dimen115
\l_MT_shortvdotswithinadjustbelow_dim=\dimen116
\l_MT_above_intertext_sep=\dimen117
\l_MT_below_intertext_sep=\dimen118
\l_MT_above_shortintertext_sep=\dimen119
\l_MT_below_shortintertext_sep=\dimen120
)
("C:\Users\alhaj\AppData\Local\Programs\MiKTeX 2.9\tex/latex/titlesec\titlesec.
sty"
Package: titlesec 2016/03/21 v2.10.2 Sectioning titles
\ttl@box=\box29
\beforetitleunit=\skip51
\aftertitleunit=\skip52
\ttl@plus=\dimen121
\ttl@minus=\dimen122
\ttl@toksa=\toks20
\titlewidth=\dimen123
\titlewidthlast=\dimen124
\titlewidthfirst=\dimen125
)
("C:\Users\alhaj\AppData\Local\Programs\MiKTeX 2.9\tex/latex/graphics\graphicx.
sty"
Package: graphicx 2017/06/01 v1.1a Enhanced LaTeX Graphics (DPC,SPQR)

("C:\Users\alhaj\AppData\Local\Programs\MiKTeX 2.9\tex/latex/graphics\graphics.
sty"
Package: graphics 2017/06/25 v1.2c Standard LaTeX Graphics (DPC,SPQR)

("C:\Users\alhaj\AppData\Local\Programs\MiKTeX 2.9\tex/latex/graphics\trig.sty"
Package: trig 2016/01/03 v1.10 sin cos tan (DPC)
)
("C:\Users\alhaj\AppData\Local\Programs\MiKTeX 2.9\tex/latex/graphics-cfg\graph
ics.cfg"
File: graphics.cfg 2016/06/04 v1.11 sample graphics configuration
)
Package graphics Info: Driver file: pdftex.def on input line 99.

("C:\Users\alhaj\AppData\Local\Programs\MiKTeX 2.9\tex/latex/graphics-def\pdfte
x.def"
File: pdftex.def 2018/01/08 v1.0l Graphics/color driver for pdftex
))
\Gin@req@height=\dimen126
\Gin@req@width=\dimen127
)
("C:\Users\alhaj\AppData\Local\Programs\MiKTeX 2.9\tex/latex/float\float.sty"
Package: float 2001/11/08 v1.3d Float enhancements (AL)
\c@float@type=\count104
\float@exts=\toks21
\float@box=\box30
\@float@everytoks=\toks22
\@floatcapt=\box31
)
("C:\Users\alhaj\AppData\Local\Programs\MiKTeX 2.9\tex/latex/wrapfig\wrapfig.st
y"
\wrapoverhang=\dimen128
\WF@size=\dimen129
\c@WF@wrappedlines=\count105
\WF@box=\box32
\WF@everypar=\toks23
Package: wrapfig 2003/01/31  v 3.6
)
("C:\Users\alhaj\AppData\Local\Programs\MiKTeX 2.9\tex/latex/tools\multicol.sty
"
Package: multicol 2018/12/27 v1.8v multicolumn formatting (FMi)
\c@tracingmulticols=\count106
\mult@box=\box33
\multicol@leftmargin=\dimen130
\c@unbalance=\count107
\c@collectmore=\count108
\doublecol@number=\count109
\multicoltolerance=\count110
\multicolpretolerance=\count111
\full@width=\dimen131
\page@free=\dimen132
\premulticols=\dimen133
\postmulticols=\dimen134
\multicolsep=\skip53
\multicolbaselineskip=\skip54
\partial@page=\box34
\last@line=\box35
\maxbalancingoverflow=\dimen135
\mult@rightbox=\box36
\mult@grightbox=\box37
\mult@gfirstbox=\box38
\mult@firstbox=\box39
\@tempa=\box40
\@tempa=\box41
\@tempa=\box42
\@tempa=\box43
\@tempa=\box44
\@tempa=\box45
\@tempa=\box46
\@tempa=\box47
\@tempa=\box48
\@tempa=\box49
\@tempa=\box50
\@tempa=\box51
\@tempa=\box52
\@tempa=\box53
\@tempa=\box54
\@tempa=\box55
\@tempa=\box56
\c@columnbadness=\count112
\c@finalcolumnbadness=\count113
\last@try=\dimen136
\multicolovershoot=\dimen137
\multicolundershoot=\dimen138
\mult@nat@firstbox=\box57
\colbreak@box=\box58
\mc@col@check@num=\count114
)
("C:\Users\alhaj\AppData\Local\Programs\MiKTeX 2.9\tex/latex/caption\caption.st
y"
Package: caption 2018/10/06 v3.3-154 Customizing captions (AR)

("C:\Users\alhaj\AppData\Local\Programs\MiKTeX 2.9\tex/latex/caption\caption3.s
ty"
Package: caption3 2018/09/12 v1.8c caption3 kernel (AR)
Package caption3 Info: TeX engine: e-TeX on input line 64.
\captionmargin=\dimen139
\captionmargin@=\dimen140
\captionwidth=\dimen141
\caption@tempdima=\dimen142
\caption@indent=\dimen143
\caption@parindent=\dimen144
\caption@hangindent=\dimen145
)
\c@caption@flags=\count115
\c@ContinuedFloat=\count116
Package caption Info: float package is loaded.
Package caption Info: wrapfig package is loaded.
)
("C:\Users\alhaj\AppData\Local\Programs\MiKTeX 2.9\tex/latex/hyperref\hyperref.
sty"
Package: hyperref 2018/11/30 v6.88e Hypertext links for LaTeX

("C:\Users\alhaj\AppData\Local\Programs\MiKTeX 2.9\tex/latex/hobsub\hobsub-hype
rref.sty"
Package: hobsub-hyperref 2019-11-14
hobsub not currently supported, see hobsub.dtx to extract original code

("C:\Users\alhaj\AppData\Local\Programs\MiKTeX 2.9\tex/generic/oberdiek\ltxcmds
.sty"
Package: ltxcmds 2016/05/16 v1.23 LaTeX kernel commands for general use (HO)
)
("C:\Users\alhaj\AppData\Local\Programs\MiKTeX 2.9\tex/generic/oberdiek\ifvtex.
sty"
Package: ifvtex 2016/05/16 v1.6 Detect VTeX and its facilities (HO)
Package ifvtex Info: VTeX not detected.
)
("C:\Users\alhaj\AppData\Local\Programs\MiKTeX 2.9\tex/generic/oberdiek\pdftexc
mds.sty"
Package: pdftexcmds 2018/09/10 v0.29 Utility functions of pdfTeX for LuaTeX (HO
)

("C:\Users\alhaj\AppData\Local\Programs\MiKTeX 2.9\tex/generic/oberdiek\infware
rr.sty"
Package: infwarerr 2016/05/16 v1.4 Providing info/warning/error messages (HO)
)
("C:\Users\alhaj\AppData\Local\Programs\MiKTeX 2.9\tex/generic/oberdiek\ifluate
x.sty"
Package: ifluatex 2016/05/16 v1.4 Provides the ifluatex switch (HO)
Package ifluatex Info: LuaTeX not detected.
)
("C:\Users\alhaj\AppData\Local\Programs\MiKTeX 2.9\tex/generic/oberdiek\ifpdf.s
ty"
Package: ifpdf 2018/09/07 v3.3 Provides the ifpdf switch
)
Package pdftexcmds Info: LuaTeX not detected.
Package pdftexcmds Info: \pdf@primitive is available.
Package pdftexcmds Info: \pdf@ifprimitive is available.
Package pdftexcmds Info: \pdfdraftmode found.
)
("C:\Users\alhaj\AppData\Local\Programs\MiKTeX 2.9\tex/generic/oberdiek\kvsetke
ys.sty"
Package: kvsetkeys 2016/05/16 v1.17 Key value parser (HO)

("C:\Users\alhaj\AppData\Local\Programs\MiKTeX 2.9\tex/generic/oberdiek\etexcmd
s.sty"
Package: etexcmds 2016/05/16 v1.6 Avoid name clashes with e-TeX commands (HO)
))
("C:\Users\alhaj\AppData\Local\Programs\MiKTeX 2.9\tex/generic/oberdiek\kvdefin
ekeys.sty"
Package: kvdefinekeys 2016/05/16 v1.4 Define keys (HO)
)
("C:\Users\alhaj\AppData\Local\Programs\MiKTeX 2.9\tex/generic/oberdiek\pdfesca
pe.sty"
Package: pdfescape 2016/05/16 v1.14 Implements pdfTeX's escape features (HO)
)
("C:\Users\alhaj\AppData\Local\Programs\MiKTeX 2.9\tex/latex/oberdiek\hycolor.s
ty"
Package: hycolor 2016/05/16 v1.8 Color options for hyperref/bookmark (HO)

("C:\Users\alhaj\AppData\Local\Programs\MiKTeX 2.9\tex/latex/oberdiek\xcolor-pa
tch.sty"
Package: xcolor-patch 2016/05/16 xcolor patch

("C:\Users\alhaj\AppData\Local\Programs\MiKTeX 2.9\tex/latex/oberdiek\hopatch.s
ty"
Package: hopatch 2016/05/16 v1.3 Wrapper for package hooks (HO)
)))
("C:\Users\alhaj\AppData\Local\Programs\MiKTeX 2.9\tex/latex/oberdiek\letltxmac
ro.sty"
Package: letltxmacro 2016/05/16 v1.5 Let assignment for LaTeX macros (HO)
))
("C:\Users\alhaj\AppData\Local\Programs\MiKTeX 2.9\tex/latex/oberdiek\auxhook.s
ty"
Package: auxhook 2016/05/16 v1.4 Hooks for auxiliary files (HO)
)
("C:\Users\alhaj\AppData\Local\Programs\MiKTeX 2.9\tex/generic/ifxetex\ifxetex.
sty"
Package: ifxetex 2010/09/12 v0.6 Provides ifxetex conditional
)
("C:\Users\alhaj\AppData\Local\Programs\MiKTeX 2.9\tex/latex/oberdiek\kvoptions
.sty"
Package: kvoptions 2016/05/16 v3.12 Key value format for package options (HO)
)
\@linkdim=\dimen146
\Hy@linkcounter=\count117
\Hy@pagecounter=\count118

("C:\Users\alhaj\AppData\Local\Programs\MiKTeX 2.9\tex/latex/hyperref\pd1enc.de
f"
File: pd1enc.def 2018/11/30 v6.88e Hyperref: PDFDocEncoding definition (HO)
Now handling font encoding PD1 ...
... no UTF-8 mapping file for font encoding PD1
)
("C:\Users\alhaj\AppData\Local\Programs\MiKTeX 2.9\tex/generic/oberdiek\intcalc
.sty"
Package: intcalc 2016/05/16 v1.2 Expandable calculations with integers (HO)
)
\Hy@SavedSpaceFactor=\count119

("C:\Users\alhaj\AppData\Local\Programs\MiKTeX 2.9\tex/latex/00miktex\hyperref.
cfg"
File: hyperref.cfg 2002/06/06 v1.2 hyperref configuration of TeXLive
)
Package hyperref Info: Hyper figures OFF on input line 4519.
Package hyperref Info: Link nesting OFF on input line 4524.
Package hyperref Info: Hyper index ON on input line 4527.
Package hyperref Info: Plain pages OFF on input line 4534.
Package hyperref Info: Backreferencing OFF on input line 4539.
Package hyperref Info: Implicit mode ON; LaTeX internals redefined.
Package hyperref Info: Bookmarks ON on input line 4772.
\c@Hy@tempcnt=\count120
 ("C:\Users\alhaj\AppData\Local\Programs\MiKTeX 2.9\tex/latex/url\url.sty"
\Urlmuskip=\muskip11
Package: url 2013/09/16  ver 3.4  Verb mode for urls, etc.
)
LaTeX Info: Redefining \url on input line 5125.
\XeTeXLinkMargin=\dimen147

("C:\Users\alhaj\AppData\Local\Programs\MiKTeX 2.9\tex/generic/oberdiek\bitset.
sty"
Package: bitset 2016/05/16 v1.2 Handle bit-vector datatype (HO)

("C:\Users\alhaj\AppData\Local\Programs\MiKTeX 2.9\tex/generic/oberdiek\bigintc
alc.sty"
Package: bigintcalc 2016/05/16 v1.4 Expandable calculations on big integers (HO
)
))
\Fld@menulength=\count121
\Field@Width=\dimen148
\Fld@charsize=\dimen149
Package hyperref Info: Hyper figures OFF on input line 6380.
Package hyperref Info: Link nesting OFF on input line 6385.
Package hyperref Info: Hyper index ON on input line 6388.
Package hyperref Info: backreferencing OFF on input line 6395.
Package hyperref Info: Link coloring OFF on input line 6400.
Package hyperref Info: Link coloring with OCG OFF on input line 6405.
Package hyperref Info: PDF/A mode OFF on input line 6410.
LaTeX Info: Redefining \ref on input line 6450.
LaTeX Info: Redefining \pageref on input line 6454.

("C:\Users\alhaj\AppData\Local\Programs\MiKTeX 2.9\tex/generic/oberdiek\atbegsh
i.sty"
Package: atbegshi 2016/06/09 v1.18 At begin shipout hook (HO)
)
\Hy@abspage=\count122
\c@Item=\count123
\c@Hfootnote=\count124
)
Package hyperref Info: Driver (autodetected): hpdftex.

("C:\Users\alhaj\AppData\Local\Programs\MiKTeX 2.9\tex/latex/hyperref\hpdftex.d
ef"
File: hpdftex.def 2018/11/30 v6.88e Hyperref driver for pdfTeX

("C:\Users\alhaj\AppData\Local\Programs\MiKTeX 2.9\tex/latex/oberdiek\atveryend
.sty"
Package: atveryend 2016/05/16 v1.9 Hooks at the very end of document (HO)
Package atveryend Info: \enddocument detected (standard20110627).
)
\Fld@listcount=\count125
\c@bookmark@seq@number=\count126

("C:\Users\alhaj\AppData\Local\Programs\MiKTeX 2.9\tex/latex/oberdiek\rerunfile
check.sty"
Package: rerunfilecheck 2016/05/16 v1.8 Rerun checks for auxiliary files (HO)

("C:\Users\alhaj\AppData\Local\Programs\MiKTeX 2.9\tex/generic/oberdiek\uniquec
ounter.sty"
Package: uniquecounter 2016/05/16 v1.3 Provide unlimited unique counter (HO)
)
Package uniquecounter Info: New unique counter `rerunfilecheck' on input line 2
82.
)
\Hy@SectionHShift=\skip55
)
("C:\Users\alhaj\AppData\Local\Programs\MiKTeX 2.9\tex/latex/apacite\apacite.st
y"
Package: apacite 2013/07/21 v6.03 APA citation
\c@BibCnt=\count127
\bibleftmargin=\skip56
\bibindent=\skip57
\bibparsep=\skip58
\bibitemsep=\skip59
\biblabelsep=\skip60
)
("C:\Users\alhaj\AppData\Local\Programs\MiKTeX 2.9\tex/latex/multirow\multirow.
sty"
Package: multirow 2019/01/01 v2.4 Span multiple rows of a table
\multirow@colwidth=\skip61
\multirow@cntb=\count128
\multirow@dima=\skip62
\bigstrutjot=\dimen150
) (sample.aux

LaTeX Warning: Label `fig:1' multiply defined.

)
\openout1 = `sample.aux'.

LaTeX Font Info:    Checking defaults for OML/cmm/m/it on input line 19.
LaTeX Font Info:    ... okay on input line 19.
LaTeX Font Info:    Checking defaults for T1/cmr/m/n on input line 19.
LaTeX Font Info:    ... okay on input line 19.
LaTeX Font Info:    Checking defaults for OT1/cmr/m/n on input line 19.
LaTeX Font Info:    ... okay on input line 19.
LaTeX Font Info:    Checking defaults for OMS/cmsy/m/n on input line 19.
LaTeX Font Info:    ... okay on input line 19.
LaTeX Font Info:    Checking defaults for OMX/cmex/m/n on input line 19.
LaTeX Font Info:    ... okay on input line 19.
LaTeX Font Info:    Checking defaults for U/cmr/m/n on input line 19.
LaTeX Font Info:    ... okay on input line 19.
LaTeX Font Info:    Checking defaults for PD1/pdf/m/n on input line 19.
LaTeX Font Info:    ... okay on input line 19.

("C:\Users\alhaj\AppData\Local\Programs\MiKTeX 2.9\tex/context/base/mkii\supp-p
df.mkii"
[Loading MPS to PDF converter (version 2006.09.02).]
\scratchcounter=\count129
\scratchdimen=\dimen151
\scratchbox=\box59
\nofMPsegments=\count130
\nofMParguments=\count131
\everyMPshowfont=\toks24
\MPscratchCnt=\count132
\MPscratchDim=\dimen152
\MPnumerator=\count133
\makeMPintoPDFobject=\count134
\everyMPtoPDFconversion=\toks25
)
("C:\Users\alhaj\AppData\Local\Programs\MiKTeX 2.9\tex/latex/oberdiek\epstopdf-
base.sty"
Package: epstopdf-base 2016/05/15 v2.6 Base part for package epstopdf

("C:\Users\alhaj\AppData\Local\Programs\MiKTeX 2.9\tex/latex/oberdiek\grfext.st
y"
Package: grfext 2016/05/16 v1.2 Manage graphics extensions (HO)
)
Package epstopdf-base Info: Redefining graphics rule for `.eps' on input line 4
38.
Package grfext Info: Graphics extension search list:
(grfext)             [.pdf,.png,.jpg,.mps,.jpeg,.jbig2,.jb2,.PDF,.PNG,.JPG,.JPE
G,.JBIG2,.JB2,.eps]
(grfext)             \AppendGraphicsExtensions on input line 456.
)
Package caption Info: Begin \AtBeginDocument code.
Package caption Info: hyperref package is loaded.
Package caption Info: End \AtBeginDocument code.
\AtBeginShipoutBox=\box60
Package hyperref Info: Link coloring OFF on input line 19.

("C:\Users\alhaj\AppData\Local\Programs\MiKTeX 2.9\tex/latex/hyperref\nameref.s
ty"
Package: nameref 2016/05/21 v2.44 Cross-referencing by name of section

("C:\Users\alhaj\AppData\Local\Programs\MiKTeX 2.9\tex/latex/oberdiek\refcount.
sty"
Package: refcount 2016/05/16 v3.5 Data extraction from label references (HO)
)
("C:\Users\alhaj\AppData\Local\Programs\MiKTeX 2.9\tex/generic/oberdiek\gettitl
estring.sty"
Package: gettitlestring 2016/05/16 v1.5 Cleanup title references (HO)
)
\c@section@level=\count135
)
LaTeX Info: Redefining \ref on input line 19.
LaTeX Info: Redefining \pageref on input line 19.
LaTeX Info: Redefining \nameref on input line 19.
 (sample.out) (sample.out)
\@outlinefile=\write3
\openout3 = `sample.out'.

\c@maskedRefs=\count136

("C:\Users\alhaj\AppData\Local\Programs\MiKTeX 2.9\tex/latex/apacite\english.ap
c"
File: english.apc 2013/07/21 v6.03 apacite language file
LaTeX Info: Redefining \BPBI on input line 129.
LaTeX Info: Redefining \BHBI on input line 130.
)
LaTeX Font Info:    Try loading font information for U+msa on input line 25.

("C:\Users\alhaj\AppData\Local\Programs\MiKTeX 2.9\tex/latex/amsfonts\umsa.fd"
File: umsa.fd 2013/01/14 v3.01 AMS symbols A
)
LaTeX Font Info:    Try loading font information for U+msb on input line 25.
("C:\Users\alhaj\AppData\Local\Programs\MiKTeX 2.9\tex/latex/amsfonts\umsb.fd"
File: umsb.fd 2013/01/14 v3.01 AMS symbols B
) [1

{C:/Users/alhaj/AppData/Local/MiKTeX/2.9/pdftex/config/pdftex.map}]
<1.jpg, id=45, 803.0pt x 602.25pt>
File: 1.jpg Graphic file (type jpg)
<use 1.jpg>
Package pdftex.def Info: 1.jpg  used on input line 47.
(pdftex.def)             Requested size: 317.07614pt x 237.80803pt.
 [2 <./1.jpg>]
LaTeX Font Info:    Try loading font information for OMS+cmr on input line 70.

("C:\Users\alhaj\AppData\Local\Programs\MiKTeX 2.9\tex/latex/base\omscmr.fd"
File: omscmr.fd 2014/09/29 v2.5h Standard LaTeX font definitions
)
LaTeX Font Info:    Font shape `OMS/cmr/m/n' in size <10.95> not available
(Font)              Font shape `OMS/cmsy/m/n' tried instead on input line 70.
<4.png, id=52, 972.63374pt x 684.5575pt>
File: 4.png Graphic file (type png)
<use 4.png>
Package pdftex.def Info: 4.png  used on input line 83.
(pdftex.def)             Requested size: 317.07614pt x 223.1575pt.

[3] (sample.bbl

LaTeX Warning: Empty `thebibliography' environment on input line 3.

)
Package atveryend Info: Empty hook `BeforeClearDocument' on input line 99.
 [4 <./4.png>]
Package atveryend Info: Empty hook `AfterLastShipout' on input line 99.
 (sample.aux)
Package atveryend Info: Executing hook `AtVeryEndDocument' on input line 99.
Package atveryend Info: Executing hook `AtEndAfterFileList' on input line 99.
Package rerunfilecheck Info: File `sample.out' has not changed.
(rerunfilecheck)             Checksum: 20FD7A9432847AA14D6450033E727571;473.


LaTeX Warning: There were multiply-defined labels.

Package atveryend Info: Empty hook `AtVeryVeryEnd' on input line 99.
 ) 
Here is how much of TeX's memory you used:
 8553 strings out of 492942
 132705 string characters out of 3126214
 227613 words of memory out of 3000000
 12275 multiletter control sequences out of 15000+200000
 10768 words of font info for 40 fonts, out of 3000000 for 9000
 1141 hyphenation exceptions out of 8191
 41i,6n,39p,911b,343s stack positions out of 5000i,500n,10000p,200000b,50000s
<C:/Users/alhaj/AppData/Local/Programs/MiKTeX 2.9/fonts/type1/public/amsfonts
/cm/cmbx10.pfb><C:/Users/alhaj/AppData/Local/Programs/MiKTeX 2.9/fonts/type1/pu
blic/amsfonts/cm/cmbx12.pfb><C:/Users/alhaj/AppData/Local/Programs/MiKTeX 2.9/f
onts/type1/public/amsfonts/cm/cmbxti10.pfb><C:/Users/alhaj/AppData/Local/Progra
ms/MiKTeX 2.9/fonts/type1/public/amsfonts/cm/cmr10.pfb><C:/Users/alhaj/AppData/
Local/Programs/MiKTeX 2.9/fonts/type1/public/amsfonts/cm/cmr12.pfb><C:/Users/al
haj/AppData/Local/Programs/MiKTeX 2.9/fonts/type1/public/amsfonts/cm/cmsy10.pfb
><C:/Users/alhaj/AppData/Local/Programs/MiKTeX 2.9/fonts/type1/public/amsfonts/
cm/cmti10.pfb>
Output written on sample.pdf (4 pages, 332909 bytes).
PDF statistics:
 93 PDF objects out of 1000 (max. 8388607)
 14 named destinations out of 1000 (max. 500000)
 75 words of extra memory for PDF output out of 10000 (max. 10000000)

